# JRE version: Java(TM) SE Runtime Environment (14.0.1+7) (build 14.0.1+7)
# Java VM: Java HotSpot(TM) 64-Bit Server VM (14.0.1+7, mixed mode, sharing, tiered, compressed oops, g1 gc, windows-amd64)
Heap:
 garbage-first heap   total 211968K, used 137920K [0x0000000080000000, 0x0000000100000000)
  region size 1024K, 25 young (25600K), 2 survivors (2048K)
 Metaspace       used 121883K, capacity 124744K, committed 124928K, reserved 1157120K
  class space    used 15993K, capacity 17088K, committed 17152K, reserved 1048576K
GC Heap History (20 events):
Event: 81.948 GC heap before
{Heap before GC invocations=55 (full 0):
 garbage-first heap   total 198656K, used 133783K [0x0000000080000000, 0x0000000100000000)
  region size 1024K, 39 young (39936K), 5 survivors (5120K)
 Metaspace       used 81234K, capacity 82891K, committed 83072K, reserved 1120256K
  class space    used 11149K, capacity 11794K, committed 11904K, reserved 1048576K
}
Event: 81.961 GC heap after
{Heap after GC invocations=56 (full 0):
 garbage-first heap   total 198656K, used 100174K [0x0000000080000000, 0x0000000100000000)
  region size 1024K, 5 young (5120K), 5 survivors (5120K)
 Metaspace       used 81234K, capacity 82891K, committed 83072K, reserved 1120256K
  class space    used 11149K, capacity 11794K, committed 11904K, reserved 1048576K
}
Event: 83.625 GC heap before
{Heap before GC invocations=56 (full 0):
 garbage-first heap   total 198656K, used 152398K [0x0000000080000000, 0x0000000100000000)
  region size 1024K, 56 young (57344K), 5 survivors (5120K)
 Metaspace       used 86496K, capacity 88216K, committed 88448K, reserved 1124352K
  class space    used 11922K, capacity 12609K, committed 12672K, reserved 1048576K
}
Event: 83.640 GC heap after
{Heap after GC invocations=57 (full 0):
 garbage-first heap   total 198656K, used 104108K [0x0000000080000000, 0x0000000100000000)
  region size 1024K, 6 young (6144K), 6 survivors (6144K)
 Metaspace       used 86496K, capacity 88216K, committed 88448K, reserved 1124352K
  class space    used 11922K, capacity 12609K, committed 12672K, reserved 1048576K
}
Event: 86.378 GC heap before
{Heap before GC invocations=58 (full 0):
 garbage-first heap   total 198656K, used 155308K [0x0000000080000000, 0x0000000100000000)
  region size 1024K, 56 young (57344K), 6 survivors (6144K)
 Metaspace       used 90308K, capacity 92027K, committed 92160K, reserved 1128448K
  class space    used 12330K, capacity 13003K, committed 13056K, reserved 1048576K
}
Event: 86.395 GC heap after
{Heap after GC invocations=59 (full 0):
 garbage-first heap   total 198656K, used 107899K [0x0000000080000000, 0x0000000100000000)
  region size 1024K, 4 young (4096K), 4 survivors (4096K)
 Metaspace       used 90308K, capacity 92027K, committed 92160K, reserved 1128448K
  class space    used 12330K, capacity 13003K, committed 13056K, reserved 1048576K
}
Event: 88.142 GC heap before
{Heap before GC invocations=59 (full 0):
 garbage-first heap   total 198656K, used 157051K [0x0000000080000000, 0x0000000100000000)
  region size 1024K, 53 young (54272K), 4 survivors (4096K)
 Metaspace       used 95917K, capacity 97657K, committed 97920K, reserved 1134592K
  class space    used 12901K, capacity 13579K, committed 13696K, reserved 1048576K
}
Event: 88.155 GC heap after
{Heap after GC invocations=60 (full 0):
 garbage-first heap   total 198656K, used 110093K [0x0000000080000000, 0x0000000100000000)
  region size 1024K, 6 young (6144K), 6 survivors (6144K)
 Metaspace       used 95917K, capacity 97657K, committed 97920K, reserved 1134592K
  class space    used 12901K, capacity 13579K, committed 13696K, reserved 1048576K
}
Event: 91.729 GC heap before
{Heap before GC invocations=61 (full 0):
 garbage-first heap   total 198656K, used 160269K [0x0000000080000000, 0x0000000100000000)
  region size 1024K, 55 young (56320K), 6 survivors (6144K)
 Metaspace       used 102092K, capacity 104032K, committed 104320K, reserved 1138688K
  class space    used 13592K, capacity 14346K, committed 14464K, reserved 1048576K
}
Event: 91.744 GC heap after
{Heap after GC invocations=62 (full 0):
 garbage-first heap   total 198656K, used 106877K [0x0000000080000000, 0x0000000100000000)
  region size 1024K, 5 young (5120K), 5 survivors (5120K)
 Metaspace       used 102092K, capacity 104032K, committed 104320K, reserved 1138688K
  class space    used 13592K, capacity 14346K, committed 14464K, reserved 1048576K
}
Event: 94.150 GC heap before
{Heap before GC invocations=62 (full 0):
 garbage-first heap   total 198656K, used 151933K [0x0000000080000000, 0x0000000100000000)
  region size 1024K, 51 young (52224K), 5 survivors (5120K)
 Metaspace       used 106982K, capacity 109007K, committed 109184K, reserved 1142784K
  class space    used 14180K, capacity 14937K, committed 14976K, reserved 1048576K
}
Event: 94.165 GC heap after
{Heap after GC invocations=63 (full 0):
 garbage-first heap   total 198656K, used 110846K [0x0000000080000000, 0x0000000100000000)
  region size 1024K, 6 young (6144K), 6 survivors (6144K)
 Metaspace       used 106982K, capacity 109007K, committed 109184K, reserved 1142784K
  class space    used 14180K, capacity 14937K, committed 14976K, reserved 1048576K
}
Event: 99.024 GC heap before
{Heap before GC invocations=64 (full 0):
 garbage-first heap   total 203776K, used 163070K [0x0000000080000000, 0x0000000100000000)
  region size 1024K, 57 young (58368K), 6 survivors (6144K)
 Metaspace       used 112587K, capacity 114710K, committed 114816K, reserved 1148928K
  class space    used 14906K, capacity 15732K, committed 15744K, reserved 1048576K
}
Event: 99.041 GC heap after
{Heap after GC invocations=65 (full 0):
 garbage-first heap   total 203776K, used 114889K [0x0000000080000000, 0x0000000100000000)
  region size 1024K, 8 young (8192K), 8 survivors (8192K)
 Metaspace       used 112587K, capacity 114710K, committed 114816K, reserved 1148928K
  class space    used 14906K, capacity 15732K, committed 15744K, reserved 1048576K
}
Event: 102.278 GC heap before
{Heap before GC invocations=65 (full 0):
 garbage-first heap   total 203776K, used 168137K [0x0000000080000000, 0x0000000100000000)
  region size 1024K, 60 young (61440K), 8 survivors (8192K)
 Metaspace       used 119551K, capacity 121888K, committed 122112K, reserved 1155072K
  class space    used 15770K, capacity 16620K, committed 16640K, reserved 1048576K
}
Event: 102.300 GC heap after
{Heap after GC invocations=66 (full 0):
 garbage-first heap   total 203776K, used 119244K [0x0000000080000000, 0x0000000100000000)
  region size 1024K, 5 young (5120K), 5 survivors (5120K)
 Metaspace       used 119551K, capacity 121888K, committed 122112K, reserved 1155072K
  class space    used 15770K, capacity 16620K, committed 16640K, reserved 1048576K
}
Event: 104.129 GC heap before
{Heap before GC invocations=67 (full 0):
 garbage-first heap   total 211968K, used 171468K [0x0000000080000000, 0x0000000100000000)
  region size 1024K, 53 young (54272K), 5 survivors (5120K)
 Metaspace       used 121348K, capacity 124050K, committed 124288K, reserved 1157120K
  class space    used 15950K, capacity 16944K, committed 17024K, reserved 1048576K
}
Event: 104.153 GC heap after
{Heap after GC invocations=68 (full 0):
 garbage-first heap   total 211968K, used 127076K [0x0000000080000000, 0x0000000100000000)
  region size 1024K, 7 young (7168K), 7 survivors (7168K)
 Metaspace       used 121348K, capacity 124050K, committed 124288K, reserved 1157120K
  class space    used 15950K, capacity 16944K, committed 17024K, reserved 1048576K
}
Event: 104.277 GC heap before
{Heap before GC invocations=68 (full 0):
 garbage-first heap   total 211968K, used 130148K [0x0000000080000000, 0x0000000100000000)
  region size 1024K, 10 young (10240K), 7 survivors (7168K)
 Metaspace       used 121390K, capacity 124056K, committed 124288K, reserved 1157120K
  class space    used 15951K, capacity 16945K, committed 17024K, reserved 1048576K
}
Event: 104.321 GC heap after
{Heap after GC invocations=69 (full 0):
 garbage-first heap   total 211968K, used 115392K [0x0000000080000000, 0x0000000100000000)
  region size 1024K, 2 young (2048K), 2 survivors (2048K)
 Metaspace       used 121390K, capacity 124056K, committed 124288K, reserved 1157120K
  class space    used 15951K, capacity 16945K, committed 17024K, reserved 1048576K
}

