# JRE version: Java(TM) SE Runtime Environment (8.0_251-b08) (build 1.8.0_251-b08)
# Java VM: Java HotSpot(TM) 64-Bit Server VM (25.251-b08 mixed mode windows-amd64 compressed oops)
Heap:
 PSYoungGen      total 146432K, used 131907K [0x00000000d5580000, 0x00000000e0d00000, 0x0000000100000000)
  eden space 120320K, 92% used [0x00000000d5580000,0x00000000dc1b9ba0,0x00000000dcb00000)
  from space 26112K, 80% used [0x00000000dcb00000,0x00000000ddf970f0,0x00000000de480000)
  to   space 28160K, 0% used [0x00000000df180000,0x00000000df180000,0x00000000e0d00000)
 ParOldGen       total 173056K, used 116855K [0x0000000080000000, 0x000000008a900000, 0x00000000d5580000)
  object space 173056K, 67% used [0x0000000080000000,0x000000008721dc10,0x000000008a900000)
 Metaspace       used 103451K, capacity 107084K, committed 107672K, reserved 1142784K
  class space    used 14020K, capacity 14727K, committed 14760K, reserved 1048576K
GC Heap History (10 events):
Event: 171.616 GC heap before
{Heap before GC invocations=40 (full 4):
 PSYoungGen      total 120832K, used 115601K [0x00000000d5580000, 0x00000000de900000, 0x0000000100000000)
  eden space 104448K, 100% used [0x00000000d5580000,0x00000000dbb80000,0x00000000dbb80000)
  from space 16384K, 68% used [0x00000000dbb80000,0x00000000dc664790,0x00000000dcb80000)
  to   space 16896K, 0% used [0x00000000dd880000,0x00000000dd880000,0x00000000de900000)
 ParOldGen       total 116736K, used 91987K [0x0000000080000000, 0x0000000087200000, 0x00000000d5580000)
  object space 116736K, 78% used [0x0000000080000000,0x00000000859d4e00,0x0000000087200000)
 Metaspace       used 93166K, capacity 96680K, committed 97304K, reserved 1132544K
  class space    used 12806K, capacity 13509K, committed 13608K, reserved 1048576K
Event: 171.676 GC heap after
Heap after GC invocations=40 (full 4):
 PSYoungGen      total 131072K, used 10808K [0x00000000d5580000, 0x00000000de700000, 0x0000000100000000)
  eden space 116224K, 0% used [0x00000000d5580000,0x00000000d5580000,0x00000000dc700000)
  from space 14848K, 72% used [0x00000000dd880000,0x00000000de30e278,0x00000000de700000)
  to   space 16384K, 0% used [0x00000000dc700000,0x00000000dc700000,0x00000000dd700000)
 ParOldGen       total 116736K, used 97697K [0x0000000080000000, 0x0000000087200000, 0x00000000d5580000)
  object space 116736K, 83% used [0x0000000080000000,0x0000000085f68480,0x0000000087200000)
 Metaspace       used 93166K, capacity 96680K, committed 97304K, reserved 1132544K
  class space    used 12806K, capacity 13509K, committed 13608K, reserved 1048576K
}
Event: 200.130 GC heap before
{Heap before GC invocations=41 (full 4):
 PSYoungGen      total 131072K, used 127032K [0x00000000d5580000, 0x00000000de700000, 0x0000000100000000)
  eden space 116224K, 100% used [0x00000000d5580000,0x00000000dc700000,0x00000000dc700000)
  from space 14848K, 72% used [0x00000000dd880000,0x00000000de30e278,0x00000000de700000)
  to   space 16384K, 0% used [0x00000000dc700000,0x00000000dc700000,0x00000000dd700000)
 ParOldGen       total 116736K, used 97697K [0x0000000080000000, 0x0000000087200000, 0x00000000d5580000)
  object space 116736K, 83% used [0x0000000080000000,0x0000000085f68480,0x0000000087200000)
 Metaspace       used 102953K, capacity 106598K, committed 107160K, reserved 1142784K
  class space    used 13988K, capacity 14694K, committed 14760K, reserved 1048576K
Event: 200.207 GC heap after
Heap after GC invocations=41 (full 4):
 PSYoungGen      total 132608K, used 16356K [0x00000000d5580000, 0x00000000df700000, 0x0000000100000000)
  eden space 116224K, 0% used [0x00000000d5580000,0x00000000d5580000,0x00000000dc700000)
  from space 16384K, 99% used [0x00000000dc700000,0x00000000dd6f9028,0x00000000dd700000)
  to   space 18944K, 0% used [0x00000000de480000,0x00000000de480000,0x00000000df700000)
 ParOldGen       total 116736K, used 99528K [0x0000000080000000, 0x0000000087200000, 0x00000000d5580000)
  object space 116736K, 85% used [0x0000000080000000,0x0000000086132078,0x0000000087200000)
 Metaspace       used 102953K, capacity 106598K, committed 107160K, reserved 1142784K
  class space    used 13988K, capacity 14694K, committed 14760K, reserved 1048576K
}
Event: 205.019 GC heap before
{Heap before GC invocations=42 (full 4):
 PSYoungGen      total 132608K, used 132580K [0x00000000d5580000, 0x00000000df700000, 0x0000000100000000)
  eden space 116224K, 100% used [0x00000000d5580000,0x00000000dc700000,0x00000000dc700000)
  from space 16384K, 99% used [0x00000000dc700000,0x00000000dd6f9028,0x00000000dd700000)
  to   space 18944K, 0% used [0x00000000de480000,0x00000000de480000,0x00000000df700000)
 ParOldGen       total 116736K, used 99528K [0x0000000080000000, 0x0000000087200000, 0x00000000d5580000)
  object space 116736K, 85% used [0x0000000080000000,0x0000000086132078,0x0000000087200000)
 Metaspace       used 102989K, capacity 106604K, committed 107160K, reserved 1142784K
  class space    used 13992K, capacity 14695K, committed 14760K, reserved 1048576K
Event: 205.085 GC heap after
Heap after GC invocations=42 (full 4):
 PSYoungGen      total 139264K, used 18941K [0x00000000d5580000, 0x00000000e0580000, 0x0000000100000000)
  eden space 120320K, 0% used [0x00000000d5580000,0x00000000d5580000,0x00000000dcb00000)
  from space 18944K, 99% used [0x00000000de480000,0x00000000df6ff7e0,0x00000000df700000)
  to   space 26112K, 0% used [0x00000000dcb00000,0x00000000dcb00000,0x00000000de480000)
 ParOldGen       total 116736K, used 111615K [0x0000000080000000, 0x0000000087200000, 0x00000000d5580000)
  object space 116736K, 95% used [0x0000000080000000,0x0000000086cffc58,0x0000000087200000)
 Metaspace       used 102989K, capacity 106604K, committed 107160K, reserved 1142784K
  class space    used 13992K, capacity 14695K, committed 14760K, reserved 1048576K
}
Event: 205.102 GC heap before
{Heap before GC invocations=43 (full 5):
 PSYoungGen      total 139264K, used 18941K [0x00000000d5580000, 0x00000000e0580000, 0x0000000100000000)
  eden space 120320K, 0% used [0x00000000d5580000,0x00000000d5580000,0x00000000dcb00000)
  from space 18944K, 99% used [0x00000000de480000,0x00000000df6ff7e0,0x00000000df700000)
  to   space 26112K, 0% used [0x00000000dcb00000,0x00000000dcb00000,0x00000000de480000)
 ParOldGen       total 116736K, used 111615K [0x0000000080000000, 0x0000000087200000, 0x00000000d5580000)
  object space 116736K, 95% used [0x0000000080000000,0x0000000086cffc58,0x0000000087200000)
 Metaspace       used 102989K, capacity 106604K, committed 107160K, reserved 1142784K
  class space    used 13992K, capacity 14695K, committed 14760K, reserved 1048576K
Event: 208.717 GC heap after
Heap after GC invocations=43 (full 5):
 PSYoungGen      total 139264K, used 509K [0x00000000d5580000, 0x00000000e0580000, 0x0000000100000000)
  eden space 120320K, 0% used [0x00000000d5580000,0x00000000d5580000,0x00000000dcb00000)
  from space 18944K, 2% used [0x00000000de480000,0x00000000de4ff5c8,0x00000000df700000)
  to   space 26112K, 0% used [0x00000000dcb00000,0x00000000dcb00000,0x00000000de480000)
 ParOldGen       total 173056K, used 116319K [0x0000000080000000, 0x000000008a900000, 0x00000000d5580000)
  object space 173056K, 67% used [0x0000000080000000,0x0000000087197c10,0x000000008a900000)
 Metaspace       used 102989K, capacity 106604K, committed 107160K, reserved 1142784K
  class space    used 13992K, capacity 14695K, committed 14760K, reserved 1048576K
}
Event: 209.557 GC heap before
{Heap before GC invocations=44 (full 5):
 PSYoungGen      total 139264K, used 120829K [0x00000000d5580000, 0x00000000e0580000, 0x0000000100000000)
  eden space 120320K, 100% used [0x00000000d5580000,0x00000000dcb00000,0x00000000dcb00000)
  from space 18944K, 2% used [0x00000000de480000,0x00000000de4ff5c8,0x00000000df700000)
  to   space 26112K, 0% used [0x00000000dcb00000,0x00000000dcb00000,0x00000000de480000)
 ParOldGen       total 173056K, used 116319K [0x0000000080000000, 0x000000008a900000, 0x00000000d5580000)
  object space 173056K, 67% used [0x0000000080000000,0x0000000087197c10,0x000000008a900000)
 Metaspace       used 102989K, capacity 106604K, committed 107160K, reserved 1142784K
  class space    used 13992K, capacity 14695K, committed 14760K, reserved 1048576K
Event: 209.681 GC heap after
Heap after GC invocations=44 (full 5):
 PSYoungGen      total 146432K, used 21084K [0x00000000d5580000, 0x00000000e0d00000, 0x0000000100000000)
  eden space 120320K, 0% used [0x00000000d5580000,0x00000000d5580000,0x00000000dcb00000)
  from space 26112K, 80% used [0x00000000dcb00000,0x00000000ddf970f0,0x00000000de480000)
  to   space 28160K, 0% used [0x00000000df180000,0x00000000df180000,0x00000000e0d00000)
 ParOldGen       total 173056K, used 116855K [0x0000000080000000, 0x000000008a900000, 0x00000000d5580000)
  object space 173056K, 67% used [0x0000000080000000,0x000000008721dc10,0x000000008a900000)
 Metaspace       used 102989K, capacity 106604K, committed 107160K, reserved 1142784K
  class space    used 13992K, capacity 14695K, committed 14760K, reserved 1048576K
}

