# JRE version: Java(TM) SE Runtime Environment (8.0_251-b08) (build 1.8.0_251-b08)
# Java VM: Java HotSpot(TM) 64-Bit Server VM (25.251-b08 mixed mode windows-amd64 compressed oops)
Heap:
 PSYoungGen      total 527872K, used 354072K [0x00000000d5580000, 0x00000000ff780000, 0x0000000100000000)
  eden space 472576K, 63% used [0x00000000d5580000,0x00000000e7952e88,0x00000000f2300000)
  from space 55296K, 99% used [0x00000000f2300000,0x00000000f58f32f8,0x00000000f5900000)
  to   space 108032K, 0% used [0x00000000f8e00000,0x00000000f8e00000,0x00000000ff780000)
 ParOldGen       total 620032K, used 308705K [0x0000000080000000, 0x00000000a5d80000, 0x00000000d5580000)
  object space 620032K, 49% used [0x0000000080000000,0x0000000092d786f8,0x00000000a5d80000)
 Metaspace       used 163231K, capacity 177688K, committed 177832K, reserved 1204224K
  class space    used 20944K, capacity 23622K, committed 23720K, reserved 1048576K
GC Heap History (10 events):
Event: 37443.174 GC heap before
{Heap before GC invocations=174 (full 22):
 PSYoungGen      total 543744K, used 543520K [0x00000000d5580000, 0x00000000ff900000, 0x0000000100000000)
  eden space 479744K, 100% used [0x00000000d5580000,0x00000000f2a00000,0x00000000f2a00000)
  from space 64000K, 99% used [0x00000000f2a00000,0x00000000f6848020,0x00000000f6880000)
  to   space 105984K, 0% used [0x00000000f9180000,0x00000000f9180000,0x00000000ff900000)
 ParOldGen       total 518656K, used 290294K [0x0000000080000000, 0x000000009fa80000, 0x00000000d5580000)
  object space 518656K, 55% used [0x0000000080000000,0x0000000091b7dba0,0x000000009fa80000)
 Metaspace       used 128419K, capacity 139572K, committed 160552K, reserved 1185792K
  class space    used 16246K, capacity 18304K, committed 23592K, reserved 1048576K
Event: 37444.851 GC heap after
Heap after GC invocations=174 (full 22):
 PSYoungGen      total 579584K, used 84672K [0x00000000d5580000, 0x0000000100000000, 0x0000000100000000)
  eden space 473600K, 0% used [0x00000000d5580000,0x00000000d5580000,0x00000000f2400000)
  from space 105984K, 79% used [0x00000000f9180000,0x00000000fe430020,0x00000000ff900000)
  to   space 112128K, 0% used [0x00000000f2400000,0x00000000f2400000,0x00000000f9180000)
 ParOldGen       total 518656K, used 351334K [0x0000000080000000, 0x000000009fa80000, 0x00000000d5580000)
  object space 518656K, 67% used [0x0000000080000000,0x0000000095719ae0,0x000000009fa80000)
 Metaspace       used 128419K, capacity 139572K, committed 160552K, reserved 1185792K
  class space    used 16246K, capacity 18304K, committed 23592K, reserved 1048576K
}
Event: 37702.065 GC heap before
{Heap before GC invocations=175 (full 22):
 PSYoungGen      total 579584K, used 558272K [0x00000000d5580000, 0x0000000100000000, 0x0000000100000000)
  eden space 473600K, 100% used [0x00000000d5580000,0x00000000f2400000,0x00000000f2400000)
  from space 105984K, 79% used [0x00000000f9180000,0x00000000fe430020,0x00000000ff900000)
  to   space 112128K, 0% used [0x00000000f2400000,0x00000000f2400000,0x00000000f9180000)
 ParOldGen       total 518656K, used 351334K [0x0000000080000000, 0x000000009fa80000, 0x00000000d5580000)
  object space 518656K, 67% used [0x0000000080000000,0x0000000095719ae0,0x000000009fa80000)
 Metaspace       used 132983K, capacity 144204K, committed 160552K, reserved 1185792K
  class space    used 16885K, capacity 18996K, committed 23592K, reserved 1048576K
Event: 37722.489 GC heap after
Heap after GC invocations=175 (full 22):
 PSYoungGen      total 585728K, used 28416K [0x00000000d5580000, 0x0000000100000000, 0x0000000100000000)
  eden space 473600K, 0% used [0x00000000d5580000,0x00000000d5580000,0x00000000f2400000)
  from space 112128K, 25% used [0x00000000f2400000,0x00000000f3fc0168,0x00000000f9180000)
  to   space 111616K, 0% used [0x00000000f9300000,0x00000000f9300000,0x0000000100000000)
 ParOldGen       total 518656K, used 429094K [0x0000000080000000, 0x000000009fa80000, 0x00000000d5580000)
  object space 518656K, 82% used [0x0000000080000000,0x000000009a309aa8,0x000000009fa80000)
 Metaspace       used 132983K, capacity 144204K, committed 160552K, reserved 1185792K
  class space    used 16885K, capacity 18996K, committed 23592K, reserved 1048576K
}
Event: 37722.560 GC heap before
{Heap before GC invocations=176 (full 23):
 PSYoungGen      total 585728K, used 28416K [0x00000000d5580000, 0x0000000100000000, 0x0000000100000000)
  eden space 473600K, 0% used [0x00000000d5580000,0x00000000d5580000,0x00000000f2400000)
  from space 112128K, 25% used [0x00000000f2400000,0x00000000f3fc0168,0x00000000f9180000)
  to   space 111616K, 0% used [0x00000000f9300000,0x00000000f9300000,0x0000000100000000)
 ParOldGen       total 518656K, used 429094K [0x0000000080000000, 0x000000009fa80000, 0x00000000d5580000)
  object space 518656K, 82% used [0x0000000080000000,0x000000009a309aa8,0x000000009fa80000)
 Metaspace       used 132983K, capacity 144204K, committed 160552K, reserved 1185792K
  class space    used 16885K, capacity 18996K, committed 23592K, reserved 1048576K
Event: 37750.748 GC heap after
Heap after GC invocations=176 (full 23):
 PSYoungGen      total 585728K, used 0K [0x00000000d5580000, 0x0000000100000000, 0x0000000100000000)
  eden space 473600K, 0% used [0x00000000d5580000,0x00000000d5580000,0x00000000f2400000)
  from space 112128K, 0% used [0x00000000f2400000,0x00000000f2400000,0x00000000f9180000)
  to   space 111616K, 0% used [0x00000000f9300000,0x00000000f9300000,0x0000000100000000)
 ParOldGen       total 620032K, used 260029K [0x0000000080000000, 0x00000000a5d80000, 0x00000000d5580000)
  object space 620032K, 41% used [0x0000000080000000,0x000000008fdef758,0x00000000a5d80000)
 Metaspace       used 128301K, capacity 139054K, committed 160552K, reserved 1185792K
  class space    used 16256K, capacity 18263K, committed 23592K, reserved 1048576K
}
Event: 37824.126 GC heap before
{Heap before GC invocations=177 (full 23):
 PSYoungGen      total 585728K, used 473600K [0x00000000d5580000, 0x0000000100000000, 0x0000000100000000)
  eden space 473600K, 100% used [0x00000000d5580000,0x00000000f2400000,0x00000000f2400000)
  from space 112128K, 0% used [0x00000000f2400000,0x00000000f2400000,0x00000000f9180000)
  to   space 111616K, 0% used [0x00000000f9300000,0x00000000f9300000,0x0000000100000000)
 ParOldGen       total 620032K, used 260029K [0x0000000080000000, 0x00000000a5d80000, 0x00000000d5580000)
  object space 620032K, 41% used [0x0000000080000000,0x000000008fdef758,0x00000000a5d80000)
 Metaspace       used 157740K, capacity 171724K, committed 172584K, reserved 1198080K
  class space    used 20227K, capacity 22814K, committed 23592K, reserved 1048576K
Event: 37826.225 GC heap after
Heap after GC invocations=177 (full 23):
 PSYoungGen      total 584192K, used 74060K [0x00000000d5580000, 0x0000000100000000, 0x0000000100000000)
  eden space 472576K, 0% used [0x00000000d5580000,0x00000000d5580000,0x00000000f2300000)
  from space 111616K, 66% used [0x00000000f9300000,0x00000000fdb53068,0x0000000100000000)
  to   space 113152K, 0% used [0x00000000f2300000,0x00000000f2300000,0x00000000f9180000)
 ParOldGen       total 620032K, used 260037K [0x0000000080000000, 0x00000000a5d80000, 0x00000000d5580000)
  object space 620032K, 41% used [0x0000000080000000,0x000000008fdf1758,0x00000000a5d80000)
 Metaspace       used 157740K, capacity 171724K, committed 172584K, reserved 1198080K
  class space    used 20227K, capacity 22814K, committed 23592K, reserved 1048576K
}
Event: 37931.114 GC heap before
{Heap before GC invocations=178 (full 23):
 PSYoungGen      total 584192K, used 546636K [0x00000000d5580000, 0x0000000100000000, 0x0000000100000000)
  eden space 472576K, 100% used [0x00000000d5580000,0x00000000f2300000,0x00000000f2300000)
  from space 111616K, 66% used [0x00000000f9300000,0x00000000fdb53068,0x0000000100000000)
  to   space 113152K, 0% used [0x00000000f2300000,0x00000000f2300000,0x00000000f9180000)
 ParOldGen       total 620032K, used 260037K [0x0000000080000000, 0x00000000a5d80000, 0x00000000d5580000)
  object space 620032K, 41% used [0x0000000080000000,0x000000008fdf1758,0x00000000a5d80000)
 Metaspace       used 161257K, capacity 175734K, committed 176296K, reserved 1202176K
  class space    used 20709K, capacity 23399K, committed 23720K, reserved 1048576K
Event: 37932.669 GC heap after
Heap after GC invocations=178 (full 23):
 PSYoungGen      total 527872K, used 55244K [0x00000000d5580000, 0x00000000ff780000, 0x0000000100000000)
  eden space 472576K, 0% used [0x00000000d5580000,0x00000000d5580000,0x00000000f2300000)
  from space 55296K, 99% used [0x00000000f2300000,0x00000000f58f32f8,0x00000000f5900000)
  to   space 108032K, 0% used [0x00000000f8e00000,0x00000000f8e00000,0x00000000ff780000)
 ParOldGen       total 620032K, used 308705K [0x0000000080000000, 0x00000000a5d80000, 0x00000000d5580000)
  object space 620032K, 49% used [0x0000000080000000,0x0000000092d786f8,0x00000000a5d80000)
 Metaspace       used 161257K, capacity 175734K, committed 176296K, reserved 1202176K
  class space    used 20709K, capacity 23399K, committed 23720K, reserved 1048576K
}

