# JRE version: Java(TM) SE Runtime Environment (14.0.1+7) (build 14.0.1+7)
# Java VM: Java HotSpot(TM) 64-Bit Server VM (14.0.1+7, mixed mode, sharing, tiered, compressed oops, g1 gc, windows-amd64)
Heap:
 garbage-first heap   total 314368K, used 186732K [0x0000000080000000, 0x0000000100000000)
  region size 1024K, 49 young (50176K), 6 survivors (6144K)
 Metaspace       used 106610K, capacity 110784K, committed 110976K, reserved 1144832K
  class space    used 14050K, capacity 15679K, committed 15744K, reserved 1048576K
GC Heap History (20 events):
Event: 68.169 GC heap before
{Heap before GC invocations=56 (full 0):
 garbage-first heap   total 220160K, used 175244K [0x0000000080000000, 0x0000000100000000)
  region size 1024K, 47 young (48128K), 6 survivors (6144K)
 Metaspace       used 81158K, capacity 84223K, committed 84480K, reserved 1122304K
  class space    used 10837K, capacity 12014K, committed 12032K, reserved 1048576K
}
Event: 68.185 GC heap after
{Heap after GC invocations=57 (full 0):
 garbage-first heap   total 220160K, used 137473K [0x0000000080000000, 0x0000000100000000)
  region size 1024K, 6 young (6144K), 6 survivors (6144K)
 Metaspace       used 81158K, capacity 84223K, committed 84480K, reserved 1122304K
  class space    used 10837K, capacity 12014K, committed 12032K, reserved 1048576K
}
Event: 71.261 GC heap before
{Heap before GC invocations=58 (full 0):
 garbage-first heap   total 239616K, used 175361K [0x0000000080000000, 0x0000000100000000)
  region size 1024K, 45 young (46080K), 6 survivors (6144K)
 Metaspace       used 81976K, capacity 85152K, committed 85376K, reserved 1122304K
  class space    used 10916K, capacity 12087K, committed 12160K, reserved 1048576K
}
Event: 71.278 GC heap after
{Heap after GC invocations=59 (full 0):
 garbage-first heap   total 239616K, used 142602K [0x0000000080000000, 0x0000000100000000)
  region size 1024K, 6 young (6144K), 6 survivors (6144K)
 Metaspace       used 81976K, capacity 85152K, committed 85376K, reserved 1122304K
  class space    used 10916K, capacity 12087K, committed 12160K, reserved 1048576K
}
Event: 71.733 GC heap before
{Heap before GC invocations=59 (full 0):
 garbage-first heap   total 239616K, used 147722K [0x0000000080000000, 0x0000000100000000)
  region size 1024K, 11 young (11264K), 6 survivors (6144K)
 Metaspace       used 82011K, capacity 85152K, committed 85376K, reserved 1122304K
  class space    used 10916K, capacity 12087K, committed 12160K, reserved 1048576K
}
Event: 71.809 GC heap after
{Heap after GC invocations=60 (full 0):
 garbage-first heap   total 239616K, used 131903K [0x0000000080000000, 0x0000000100000000)
  region size 1024K, 2 young (2048K), 2 survivors (2048K)
 Metaspace       used 82011K, capacity 85152K, committed 85376K, reserved 1122304K
  class space    used 10916K, capacity 12087K, committed 12160K, reserved 1048576K
}
Event: 73.656 GC heap before
{Heap before GC invocations=60 (full 0):
 garbage-first heap   total 239616K, used 155455K [0x0000000080000000, 0x0000000100000000)
  region size 1024K, 27 young (27648K), 2 survivors (2048K)
 Metaspace       used 82519K, capacity 85652K, committed 85888K, reserved 1122304K
  class space    used 10960K, capacity 12125K, committed 12160K, reserved 1048576K
}
Event: 73.674 GC heap after
{Heap after GC invocations=61 (full 0):
 garbage-first heap   total 239616K, used 135168K [0x0000000080000000, 0x0000000100000000)
  region size 1024K, 5 young (5120K), 5 survivors (5120K)
 Metaspace       used 82519K, capacity 85652K, committed 85888K, reserved 1122304K
  class space    used 10960K, capacity 12125K, committed 12160K, reserved 1048576K
}
Event: 84.448 GC heap before
{Heap before GC invocations=62 (full 0):
 garbage-first heap   total 247808K, used 196608K [0x0000000080000000, 0x0000000100000000)
  region size 1024K, 58 young (59392K), 5 survivors (5120K)
 Metaspace       used 84651K, capacity 87942K, committed 88192K, reserved 1124352K
  class space    used 11194K, capacity 12396K, committed 12416K, reserved 1048576K
}
Event: 84.463 GC heap after
{Heap after GC invocations=63 (full 0):
 garbage-first heap   total 247808K, used 137246K [0x0000000080000000, 0x0000000100000000)
  region size 1024K, 6 young (6144K), 6 survivors (6144K)
 Metaspace       used 84651K, capacity 87942K, committed 88192K, reserved 1124352K
  class space    used 11194K, capacity 12396K, committed 12416K, reserved 1048576K
}
Event: 150.069 GC heap before
{Heap before GC invocations=63 (full 0):
 garbage-first heap   total 247808K, used 196638K [0x0000000080000000, 0x0000000100000000)
  region size 1024K, 65 young (66560K), 6 survivors (6144K)
 Metaspace       used 88089K, capacity 91548K, committed 91776K, reserved 1128448K
  class space    used 11615K, capacity 12862K, committed 12928K, reserved 1048576K
}
Event: 150.088 GC heap after
{Heap after GC invocations=64 (full 0):
 garbage-first heap   total 247808K, used 140308K [0x0000000080000000, 0x0000000100000000)
  region size 1024K, 7 young (7168K), 7 survivors (7168K)
 Metaspace       used 88089K, capacity 91548K, committed 91776K, reserved 1128448K
  class space    used 11615K, capacity 12862K, committed 12928K, reserved 1048576K
}
Event: 151.788 GC heap before
{Heap before GC invocations=65 (full 0):
 garbage-first heap   total 247808K, used 167956K [0x0000000080000000, 0x0000000100000000)
  region size 1024K, 34 young (34816K), 7 survivors (7168K)
 Metaspace       used 89886K, capacity 93282K, committed 93440K, reserved 1130496K
  class space    used 11800K, capacity 13044K, committed 13056K, reserved 1048576K
}
Event: 151.804 GC heap after
{Heap after GC invocations=66 (full 0):
 garbage-first heap   total 247808K, used 142241K [0x0000000080000000, 0x0000000100000000)
  region size 1024K, 6 young (6144K), 6 survivors (6144K)
 Metaspace       used 89886K, capacity 93282K, committed 93440K, reserved 1130496K
  class space    used 11800K, capacity 13044K, committed 13056K, reserved 1048576K
}
Event: 155.122 GC heap before
{Heap before GC invocations=67 (full 0):
 garbage-first heap   total 247808K, used 204705K [0x0000000080000000, 0x0000000100000000)
  region size 1024K, 63 young (64512K), 6 survivors (6144K)
 Metaspace       used 98381K, capacity 102097K, committed 102400K, reserved 1136640K
  class space    used 12823K, capacity 14212K, committed 14336K, reserved 1048576K
}
Event: 155.142 GC heap after
{Heap after GC invocations=68 (full 0):
 garbage-first heap   total 247808K, used 150191K [0x0000000080000000, 0x0000000100000000)
  region size 1024K, 8 young (8192K), 8 survivors (8192K)
 Metaspace       used 98381K, capacity 102097K, committed 102400K, reserved 1136640K
  class space    used 12823K, capacity 14212K, committed 14336K, reserved 1048576K
}
Event: 155.751 GC heap before
{Heap before GC invocations=68 (full 0):
 garbage-first heap   total 247808K, used 154287K [0x0000000080000000, 0x0000000100000000)
  region size 1024K, 12 young (12288K), 8 survivors (8192K)
 Metaspace       used 99220K, capacity 102853K, committed 103168K, reserved 1138688K
  class space    used 12916K, capacity 14275K, committed 14336K, reserved 1048576K
}
Event: 155.795 GC heap after
{Heap after GC invocations=69 (full 0):
 garbage-first heap   total 247808K, used 138900K [0x0000000080000000, 0x0000000100000000)
  region size 1024K, 1 young (1024K), 1 survivors (1024K)
 Metaspace       used 99220K, capacity 102853K, committed 103168K, reserved 1138688K
  class space    used 12916K, capacity 14275K, committed 14336K, reserved 1048576K
}
Event: 158.564 GC heap before
{Heap before GC invocations=69 (full 0):
 garbage-first heap   total 247808K, used 198292K [0x0000000080000000, 0x0000000100000000)
  region size 1024K, 60 young (61440K), 1 survivors (1024K)
 Metaspace       used 106231K, capacity 110414K, committed 110720K, reserved 1144832K
  class space    used 14057K, capacity 15669K, committed 15744K, reserved 1048576K
}
Event: 158.585 GC heap after
{Heap after GC invocations=70 (full 0):
 garbage-first heap   total 247808K, used 143724K [0x0000000080000000, 0x0000000100000000)
  region size 1024K, 6 young (6144K), 6 survivors (6144K)
 Metaspace       used 106231K, capacity 110414K, committed 110720K, reserved 1144832K
  class space    used 14057K, capacity 15669K, committed 15744K, reserved 1048576K
}

