# JRE version: Java(TM) SE Runtime Environment (14.0.1+7) (build 14.0.1+7)
# Java VM: Java HotSpot(TM) 64-Bit Server VM (14.0.1+7, mixed mode, sharing, tiered, compressed oops, g1 gc, windows-amd64)
Heap:
 garbage-first heap   total 270336K, used 192682K [0x0000000080000000, 0x0000000100000000)
  region size 1024K, 51 young (52224K), 5 survivors (5120K)
 Metaspace       used 108964K, capacity 113137K, committed 113280K, reserved 1146880K
  class space    used 14299K, capacity 15950K, committed 16000K, reserved 1048576K
GC Heap History (20 events):
Event: 41.891 GC heap before
{Heap before GC invocations=45 (full 0):
 garbage-first heap   total 225280K, used 152061K [0x0000000080000000, 0x0000000100000000)
  region size 1024K, 38 young (38912K), 6 survivors (6144K)
 Metaspace       used 82833K, capacity 85795K, committed 85888K, reserved 1122304K
  class space    used 10982K, capacity 12110K, committed 12160K, reserved 1048576K
}
Event: 41.922 GC heap after
{Heap after GC invocations=46 (full 0):
 garbage-first heap   total 225280K, used 126577K [0x0000000080000000, 0x0000000100000000)
  region size 1024K, 5 young (5120K), 5 survivors (5120K)
 Metaspace       used 82833K, capacity 85795K, committed 85888K, reserved 1122304K
  class space    used 10982K, capacity 12110K, committed 12160K, reserved 1048576K
}
Event: 137.711 GC heap before
{Heap before GC invocations=46 (full 0):
 garbage-first heap   total 225280K, used 174705K [0x0000000080000000, 0x0000000100000000)
  region size 1024K, 53 young (54272K), 5 survivors (5120K)
 Metaspace       used 83671K, capacity 86802K, committed 87040K, reserved 1124352K
  class space    used 11079K, capacity 12244K, committed 12288K, reserved 1048576K
}
Event: 137.743 GC heap after
{Heap after GC invocations=47 (full 0):
 garbage-first heap   total 270336K, used 134391K [0x0000000080000000, 0x0000000100000000)
  region size 1024K, 7 young (7168K), 7 survivors (7168K)
 Metaspace       used 83671K, capacity 86802K, committed 87040K, reserved 1124352K
  class space    used 11079K, capacity 12244K, committed 12288K, reserved 1048576K
}
Event: 151.414 GC heap before
{Heap before GC invocations=48 (full 0):
 garbage-first heap   total 270336K, used 201975K [0x0000000080000000, 0x0000000100000000)
  region size 1024K, 74 young (75776K), 7 survivors (7168K)
 Metaspace       used 85099K, capacity 88197K, committed 88448K, reserved 1126400K
  class space    used 11219K, capacity 12396K, committed 12416K, reserved 1048576K
}
Event: 151.443 GC heap after
{Heap after GC invocations=49 (full 0):
 garbage-first heap   total 270336K, used 141761K [0x0000000080000000, 0x0000000100000000)
  region size 1024K, 10 young (10240K), 10 survivors (10240K)
 Metaspace       used 85099K, capacity 88197K, committed 88448K, reserved 1126400K
  class space    used 11219K, capacity 12396K, committed 12416K, reserved 1048576K
}
Event: 151.671 GC heap before
{Heap before GC invocations=49 (full 0):
 garbage-first heap   total 270336K, used 144833K [0x0000000080000000, 0x0000000100000000)
  region size 1024K, 13 young (13312K), 10 survivors (10240K)
 Metaspace       used 85109K, capacity 88197K, committed 88448K, reserved 1126400K
  class space    used 11219K, capacity 12396K, committed 12416K, reserved 1048576K
}
Event: 151.751 GC heap after
{Heap after GC invocations=50 (full 0):
 garbage-first heap   total 270336K, used 129870K [0x0000000080000000, 0x0000000100000000)
  region size 1024K, 2 young (2048K), 2 survivors (2048K)
 Metaspace       used 85109K, capacity 88197K, committed 88448K, reserved 1126400K
  class space    used 11219K, capacity 12396K, committed 12416K, reserved 1048576K
}
Event: 155.574 GC heap before
{Heap before GC invocations=50 (full 0):
 garbage-first heap   total 270336K, used 174926K [0x0000000080000000, 0x0000000100000000)
  region size 1024K, 48 young (49152K), 2 survivors (2048K)
 Metaspace       used 85687K, capacity 88826K, committed 89088K, reserved 1126400K
  class space    used 11263K, capacity 12434K, committed 12544K, reserved 1048576K
}
Event: 155.595 GC heap after
{Heap after GC invocations=51 (full 0):
 garbage-first heap   total 270336K, used 136765K [0x0000000080000000, 0x0000000100000000)
  region size 1024K, 9 young (9216K), 9 survivors (9216K)
 Metaspace       used 85687K, capacity 88826K, committed 89088K, reserved 1126400K
  class space    used 11263K, capacity 12434K, committed 12544K, reserved 1048576K
}
Event: 206.433 GC heap before
{Heap before GC invocations=52 (full 0):
 garbage-first heap   total 270336K, used 214589K [0x0000000080000000, 0x0000000100000000)
  region size 1024K, 78 young (79872K), 9 survivors (9216K)
 Metaspace       used 88386K, capacity 91692K, committed 91904K, reserved 1128448K
  class space    used 11564K, capacity 12791K, committed 12800K, reserved 1048576K
}
Event: 206.453 GC heap after
{Heap after GC invocations=53 (full 0):
 garbage-first heap   total 270336K, used 140633K [0x0000000080000000, 0x0000000100000000)
  region size 1024K, 6 young (6144K), 6 survivors (6144K)
 Metaspace       used 88386K, capacity 91692K, committed 91904K, reserved 1128448K
  class space    used 11564K, capacity 12791K, committed 12800K, reserved 1048576K
}
Event: 216.641 GC heap before
{Heap before GC invocations=53 (full 0):
 garbage-first heap   total 270336K, used 191833K [0x0000000080000000, 0x0000000100000000)
  region size 1024K, 58 young (59392K), 6 survivors (6144K)
 Metaspace       used 91234K, capacity 94763K, committed 94976K, reserved 1130496K
  class space    used 11925K, capacity 13185K, committed 13312K, reserved 1048576K
}
Event: 216.654 GC heap after
{Heap after GC invocations=54 (full 0):
 garbage-first heap   total 270336K, used 142889K [0x0000000080000000, 0x0000000100000000)
  region size 1024K, 4 young (4096K), 4 survivors (4096K)
 Metaspace       used 91234K, capacity 94763K, committed 94976K, reserved 1130496K
  class space    used 11925K, capacity 13185K, committed 13312K, reserved 1048576K
}
Event: 225.320 GC heap before
{Heap before GC invocations=55 (full 0):
 garbage-first heap   total 270336K, used 222761K [0x0000000080000000, 0x0000000100000000)
  region size 1024K, 78 young (79872K), 4 survivors (4096K)
 Metaspace       used 101027K, capacity 104667K, committed 104832K, reserved 1140736K
  class space    used 13022K, capacity 14356K, committed 14464K, reserved 1048576K
}
Event: 225.341 GC heap after
{Heap after GC invocations=56 (full 0):
 garbage-first heap   total 270336K, used 151958K [0x0000000080000000, 0x0000000100000000)
  region size 1024K, 10 young (10240K), 10 survivors (10240K)
 Metaspace       used 101027K, capacity 104667K, committed 104832K, reserved 1140736K
  class space    used 13022K, capacity 14356K, committed 14464K, reserved 1048576K
}
Event: 225.464 GC heap before
{Heap before GC invocations=56 (full 0):
 garbage-first heap   total 270336K, used 155030K [0x0000000080000000, 0x0000000100000000)
  region size 1024K, 13 young (13312K), 10 survivors (10240K)
 Metaspace       used 101070K, capacity 104731K, committed 105088K, reserved 1140736K
  class space    used 13031K, capacity 14356K, committed 14464K, reserved 1048576K
}
Event: 225.537 GC heap after
{Heap after GC invocations=57 (full 0):
 garbage-first heap   total 270336K, used 141206K [0x0000000080000000, 0x0000000100000000)
  region size 1024K, 2 young (2048K), 2 survivors (2048K)
 Metaspace       used 101070K, capacity 104731K, committed 105088K, reserved 1140736K
  class space    used 13031K, capacity 14356K, committed 14464K, reserved 1048576K
}
Event: 230.790 GC heap before
{Heap before GC invocations=57 (full 0):
 garbage-first heap   total 270336K, used 174998K [0x0000000080000000, 0x0000000100000000)
  region size 1024K, 37 young (37888K), 2 survivors (2048K)
 Metaspace       used 105259K, capacity 109205K, committed 109312K, reserved 1142784K
  class space    used 13725K, capacity 15273K, committed 15360K, reserved 1048576K
}
Event: 230.804 GC heap after
{Heap after GC invocations=58 (full 0):
 garbage-first heap   total 270336K, used 144554K [0x0000000080000000, 0x0000000100000000)
  region size 1024K, 5 young (5120K), 5 survivors (5120K)
 Metaspace       used 105259K, capacity 109205K, committed 109312K, reserved 1142784K
  class space    used 13725K, capacity 15273K, committed 15360K, reserved 1048576K
}

