# JRE version: Java(TM) SE Runtime Environment (14.0.1+7) (build 14.0.1+7)
# Java VM: Java HotSpot(TM) 64-Bit Server VM (14.0.1+7, mixed mode, sharing, tiered, compressed oops, g1 gc, windows-amd64)
Heap:
 garbage-first heap   total 98304K, used 71114K [0x0000000080000000, 0x0000000100000000)
  region size 1024K, 33 young (33792K), 5 survivors (5120K)
 Metaspace       used 37269K, capacity 38417K, committed 38600K, reserved 1083392K
  class space    used 5174K, capacity 5574K, committed 5708K, reserved 1048576K
GC Heap History (18 events):
Event: 11.052 GC heap before
{Heap before GC invocations=0 (full 0):
 garbage-first heap   total 98304K, used 18432K [0x0000000080000000, 0x0000000100000000)
  region size 1024K, 13 young (13312K), 0 survivors (0K)
 Metaspace       used 1712K, capacity 5287K, committed 5504K, reserved 1056768K
  class space    used 181K, capacity 548K, committed 640K, reserved 1048576K
}
Event: 11.235 GC heap after
{Heap after GC invocations=1 (full 0):
 garbage-first heap   total 98304K, used 8117K [0x0000000080000000, 0x0000000100000000)
  region size 1024K, 2 young (2048K), 2 survivors (2048K)
 Metaspace       used 1712K, capacity 5287K, committed 5504K, reserved 1056768K
  class space    used 181K, capacity 548K, committed 640K, reserved 1048576K
}
Event: 13.869 GC heap before
{Heap before GC invocations=1 (full 0):
 garbage-first heap   total 98304K, used 18357K [0x0000000080000000, 0x0000000100000000)
  region size 1024K, 12 young (12288K), 2 survivors (2048K)
 Metaspace       used 3840K, capacity 6626K, committed 6656K, reserved 1056768K
  class space    used 498K, capacity 762K, committed 768K, reserved 1048576K
}
Event: 13.875 GC heap after
{Heap after GC invocations=2 (full 0):
 garbage-first heap   total 98304K, used 8828K [0x0000000080000000, 0x0000000100000000)
  region size 1024K, 1 young (1024K), 1 survivors (1024K)
 Metaspace       used 3840K, capacity 6626K, committed 6656K, reserved 1056768K
  class space    used 498K, capacity 762K, committed 768K, reserved 1048576K
}
Event: 15.778 GC heap before
{Heap before GC invocations=2 (full 0):
 garbage-first heap   total 98304K, used 27260K [0x0000000080000000, 0x0000000100000000)
  region size 1024K, 19 young (19456K), 1 survivors (1024K)
 Metaspace       used 3961K, capacity 6627K, committed 6656K, reserved 1056768K
  class space    used 498K, capacity 762K, committed 768K, reserved 1048576K
}
Event: 15.783 GC heap after
{Heap after GC invocations=3 (full 0):
 garbage-first heap   total 98304K, used 10036K [0x0000000080000000, 0x0000000100000000)
  region size 1024K, 2 young (2048K), 2 survivors (2048K)
 Metaspace       used 3961K, capacity 6627K, committed 6656K, reserved 1056768K
  class space    used 498K, capacity 762K, committed 768K, reserved 1048576K
}
Event: 24.872 GC heap before
{Heap before GC invocations=3 (full 0):
 garbage-first heap   total 98304K, used 65332K [0x0000000080000000, 0x0000000100000000)
  region size 1024K, 57 young (58368K), 2 survivors (2048K)
 Metaspace       used 11649K, capacity 12081K, committed 12416K, reserved 1060864K
  class space    used 1665K, capacity 1801K, committed 1920K, reserved 1048576K
}
Event: 24.884 GC heap after
{Heap after GC invocations=4 (full 0):
 garbage-first heap   total 98304K, used 16158K [0x0000000080000000, 0x0000000100000000)
  region size 1024K, 8 young (8192K), 8 survivors (8192K)
 Metaspace       used 11649K, capacity 12081K, committed 12416K, reserved 1060864K
  class space    used 1665K, capacity 1801K, committed 1920K, reserved 1048576K
}
Event: 28.733 GC heap before
{Heap before GC invocations=4 (full 0):
 garbage-first heap   total 98304K, used 65310K [0x0000000080000000, 0x0000000100000000)
  region size 1024K, 56 young (57344K), 8 survivors (8192K)
 Metaspace       used 18191K, capacity 18778K, committed 18944K, reserved 1064960K
  class space    used 2602K, capacity 2806K, committed 2816K, reserved 1048576K
}
Event: 28.759 GC heap after
{Heap after GC invocations=5 (full 0):
 garbage-first heap   total 98304K, used 18537K [0x0000000080000000, 0x0000000100000000)
  region size 1024K, 3 young (3072K), 3 survivors (3072K)
 Metaspace       used 18191K, capacity 18778K, committed 18944K, reserved 1064960K
  class space    used 2602K, capacity 2806K, committed 2816K, reserved 1048576K
}
Event: 35.757 GC heap before
{Heap before GC invocations=5 (full 0):
 garbage-first heap   total 98304K, used 58473K [0x0000000080000000, 0x0000000100000000)
  region size 1024K, 31 young (31744K), 3 survivors (3072K)
 Metaspace       used 20383K, capacity 21130K, committed 21296K, reserved 1067008K
  class space    used 2954K, capacity 3189K, committed 3200K, reserved 1048576K
}
Event: 35.782 GC heap after
{Heap after GC invocations=6 (full 0):
 garbage-first heap   total 98304K, used 35121K [0x0000000080000000, 0x0000000100000000)
  region size 1024K, 6 young (6144K), 6 survivors (6144K)
 Metaspace       used 20383K, capacity 21130K, committed 21296K, reserved 1067008K
  class space    used 2954K, capacity 3189K, committed 3200K, reserved 1048576K
}
Event: 41.200 GC heap before
{Heap before GC invocations=7 (full 0):
 garbage-first heap   total 98304K, used 71985K [0x0000000080000000, 0x0000000100000000)
  region size 1024K, 43 young (44032K), 6 survivors (6144K)
 Metaspace       used 27956K, capacity 28790K, committed 28976K, reserved 1075200K
  class space    used 3905K, capacity 4207K, committed 4224K, reserved 1048576K
}
Event: 41.212 GC heap after
{Heap after GC invocations=8 (full 0):
 garbage-first heap   total 98304K, used 39029K [0x0000000080000000, 0x0000000100000000)
  region size 1024K, 4 young (4096K), 4 survivors (4096K)
 Metaspace       used 27956K, capacity 28790K, committed 28976K, reserved 1075200K
  class space    used 3905K, capacity 4207K, committed 4224K, reserved 1048576K
}
Event: 42.743 GC heap before
{Heap before GC invocations=8 (full 0):
 garbage-first heap   total 98304K, used 76917K [0x0000000080000000, 0x0000000100000000)
  region size 1024K, 39 young (39936K), 4 survivors (4096K)
 Metaspace       used 31851K, capacity 32707K, committed 32816K, reserved 1077248K
  class space    used 4345K, capacity 4659K, committed 4736K, reserved 1048576K
}
Event: 42.753 GC heap after
{Heap after GC invocations=9 (full 0):
 garbage-first heap   total 98304K, used 41198K [0x0000000080000000, 0x0000000100000000)
  region size 1024K, 3 young (3072K), 3 survivors (3072K)
 Metaspace       used 31851K, capacity 32707K, committed 32816K, reserved 1077248K
  class space    used 4345K, capacity 4659K, committed 4736K, reserved 1048576K
}
Event: 44.838 GC heap before
{Heap before GC invocations=9 (full 0):
 garbage-first heap   total 98304K, used 71918K [0x0000000080000000, 0x0000000100000000)
  region size 1024K, 34 young (34816K), 3 survivors (3072K)
 Metaspace       used 34589K, capacity 35604K, committed 35708K, reserved 1079296K
  class space    used 4709K, capacity 5066K, committed 5120K, reserved 1048576K
}
Event: 44.847 GC heap after
{Heap after GC invocations=10 (full 0):
 garbage-first heap   total 98304K, used 43466K [0x0000000080000000, 0x0000000100000000)
  region size 1024K, 5 young (5120K), 5 survivors (5120K)
 Metaspace       used 34589K, capacity 35604K, committed 35708K, reserved 1079296K
  class space    used 4709K, capacity 5066K, committed 5120K, reserved 1048576K
}

