# JRE version: Java(TM) SE Runtime Environment (8.0_251-b08) (build 1.8.0_251-b08)
# Java VM: Java HotSpot(TM) 64-Bit Server VM (25.251-b08 mixed mode windows-amd64 compressed oops)
Heap:
 PSYoungGen      total 130048K, used 49292K [0x00000000e0980000, 0x00000000ec080000, 0x0000000100000000)
  eden space 112128K, 28% used [0x00000000e0980000,0x00000000e2829a70,0x00000000e7700000)
  from space 17920K, 99% used [0x00000000e8d00000,0x00000000e9e796b8,0x00000000e9e80000)
  to   space 22528K, 0% used [0x00000000e7700000,0x00000000e7700000,0x00000000e8d00000)
 ParOldGen       total 92160K, used 25567K [0x00000000a1c00000, 0x00000000a7600000, 0x00000000e0980000)
  object space 92160K, 27% used [0x00000000a1c00000,0x00000000a34f7e10,0x00000000a7600000)
 Metaspace       used 46030K, capacity 46842K, committed 47104K, reserved 1091584K
  class space    used 5641K, capacity 5820K, committed 5888K, reserved 1048576K
GC Heap History (10 events):
Event: 5.923 GC heap before
{Heap before GC invocations=4 (full 1):
 PSYoungGen      total 53248K, used 4086K [0x00000000e0980000, 0x00000000e7180000, 0x0000000100000000)
  eden space 49152K, 0% used [0x00000000e0980000,0x00000000e0980000,0x00000000e3980000)
  from space 4096K, 99% used [0x00000000e3980000,0x00000000e3d7db18,0x00000000e3d80000)
  to   space 4096K, 0% used [0x00000000e6d80000,0x00000000e6d80000,0x00000000e7180000)
 ParOldGen       total 65536K, used 13159K [0x00000000a1c00000, 0x00000000a5c00000, 0x00000000e0980000)
  object space 65536K, 20% used [0x00000000a1c00000,0x00000000a28d9e30,0x00000000a5c00000)
 Metaspace       used 20832K, capacity 21184K, committed 21296K, reserved 1069056K
  class space    used 2523K, capacity 2656K, committed 2688K, reserved 1048576K
Event: 5.973 GC heap after
Heap after GC invocations=4 (full 1):
 PSYoungGen      total 53248K, used 0K [0x00000000e0980000, 0x00000000e7180000, 0x0000000100000000)
  eden space 49152K, 0% used [0x00000000e0980000,0x00000000e0980000,0x00000000e3980000)
  from space 4096K, 0% used [0x00000000e3980000,0x00000000e3980000,0x00000000e3d80000)
  to   space 4096K, 0% used [0x00000000e6d80000,0x00000000e6d80000,0x00000000e7180000)
 ParOldGen       total 56320K, used 12359K [0x00000000a1c00000, 0x00000000a5300000, 0x00000000e0980000)
  object space 56320K, 21% used [0x00000000a1c00000,0x00000000a2811fc0,0x00000000a5300000)
 Metaspace       used 20832K, capacity 21184K, committed 21296K, reserved 1069056K
  class space    used 2523K, capacity 2656K, committed 2688K, reserved 1048576K
}
Event: 9.430 GC heap before
{Heap before GC invocations=5 (full 1):
 PSYoungGen      total 53248K, used 49152K [0x00000000e0980000, 0x00000000e7180000, 0x0000000100000000)
  eden space 49152K, 100% used [0x00000000e0980000,0x00000000e3980000,0x00000000e3980000)
  from space 4096K, 0% used [0x00000000e3980000,0x00000000e3980000,0x00000000e3d80000)
  to   space 4096K, 0% used [0x00000000e6d80000,0x00000000e6d80000,0x00000000e7180000)
 ParOldGen       total 56320K, used 12359K [0x00000000a1c00000, 0x00000000a5300000, 0x00000000e0980000)
  object space 56320K, 21% used [0x00000000a1c00000,0x00000000a2811fc0,0x00000000a5300000)
 Metaspace       used 26825K, capacity 27332K, committed 27520K, reserved 1073152K
  class space    used 3259K, capacity 3413K, committed 3456K, reserved 1048576K
Event: 9.444 GC heap after
Heap after GC invocations=5 (full 1):
 PSYoungGen      total 80384K, used 4066K [0x00000000e0980000, 0x00000000e7180000, 0x0000000100000000)
  eden space 76288K, 0% used [0x00000000e0980000,0x00000000e0980000,0x00000000e5400000)
  from space 4096K, 99% used [0x00000000e6d80000,0x00000000e7178918,0x00000000e7180000)
  to   space 4096K, 0% used [0x00000000e6980000,0x00000000e6980000,0x00000000e6d80000)
 ParOldGen       total 56320K, used 19895K [0x00000000a1c00000, 0x00000000a5300000, 0x00000000e0980000)
  object space 56320K, 35% used [0x00000000a1c00000,0x00000000a2f6df30,0x00000000a5300000)
 Metaspace       used 26825K, capacity 27332K, committed 27520K, reserved 1073152K
  class space    used 3259K, capacity 3413K, committed 3456K, reserved 1048576K
}
Event: 12.563 GC heap before
{Heap before GC invocations=6 (full 1):
 PSYoungGen      total 80384K, used 48507K [0x00000000e0980000, 0x00000000e7180000, 0x0000000100000000)
  eden space 76288K, 58% used [0x00000000e0980000,0x00000000e34e6678,0x00000000e5400000)
  from space 4096K, 99% used [0x00000000e6d80000,0x00000000e7178918,0x00000000e7180000)
  to   space 4096K, 0% used [0x00000000e6980000,0x00000000e6980000,0x00000000e6d80000)
 ParOldGen       total 56320K, used 19895K [0x00000000a1c00000, 0x00000000a5300000, 0x00000000e0980000)
  object space 56320K, 35% used [0x00000000a1c00000,0x00000000a2f6df30,0x00000000a5300000)
 Metaspace       used 34694K, capacity 35190K, committed 35456K, reserved 1079296K
  class space    used 4479K, capacity 4614K, committed 4736K, reserved 1048576K
Event: 12.584 GC heap after
Heap after GC invocations=6 (full 1):
 PSYoungGen      total 102400K, used 4066K [0x00000000e0980000, 0x00000000e9e80000, 0x0000000100000000)
  eden space 98304K, 0% used [0x00000000e0980000,0x00000000e0980000,0x00000000e6980000)
  from space 4096K, 99% used [0x00000000e6980000,0x00000000e6d78928,0x00000000e6d80000)
  to   space 17920K, 0% used [0x00000000e8d00000,0x00000000e8d00000,0x00000000e9e80000)
 ParOldGen       total 56320K, used 31303K [0x00000000a1c00000, 0x00000000a5300000, 0x00000000e0980000)
  object space 56320K, 55% used [0x00000000a1c00000,0x00000000a3a91e50,0x00000000a5300000)
 Metaspace       used 34694K, capacity 35190K, committed 35456K, reserved 1079296K
  class space    used 4479K, capacity 4614K, committed 4736K, reserved 1048576K
}
Event: 12.584 GC heap before
{Heap before GC invocations=7 (full 2):
 PSYoungGen      total 102400K, used 4066K [0x00000000e0980000, 0x00000000e9e80000, 0x0000000100000000)
  eden space 98304K, 0% used [0x00000000e0980000,0x00000000e0980000,0x00000000e6980000)
  from space 4096K, 99% used [0x00000000e6980000,0x00000000e6d78928,0x00000000e6d80000)
  to   space 17920K, 0% used [0x00000000e8d00000,0x00000000e8d00000,0x00000000e9e80000)
 ParOldGen       total 56320K, used 31303K [0x00000000a1c00000, 0x00000000a5300000, 0x00000000e0980000)
  object space 56320K, 55% used [0x00000000a1c00000,0x00000000a3a91e50,0x00000000a5300000)
 Metaspace       used 34694K, capacity 35190K, committed 35456K, reserved 1079296K
  class space    used 4479K, capacity 4614K, committed 4736K, reserved 1048576K
Event: 12.697 GC heap after
Heap after GC invocations=7 (full 2):
 PSYoungGen      total 102400K, used 0K [0x00000000e0980000, 0x00000000e9e80000, 0x0000000100000000)
  eden space 98304K, 0% used [0x00000000e0980000,0x00000000e0980000,0x00000000e6980000)
  from space 4096K, 0% used [0x00000000e6980000,0x00000000e6980000,0x00000000e6d80000)
  to   space 17920K, 0% used [0x00000000e8d00000,0x00000000e8d00000,0x00000000e9e80000)
 ParOldGen       total 92160K, used 22791K [0x00000000a1c00000, 0x00000000a7600000, 0x00000000e0980000)
  object space 92160K, 24% used [0x00000000a1c00000,0x00000000a3241df0,0x00000000a7600000)
 Metaspace       used 34694K, capacity 35190K, committed 35456K, reserved 1079296K
  class space    used 4479K, capacity 4614K, committed 4736K, reserved 1048576K
}
Event: 16.118 GC heap before
{Heap before GC invocations=8 (full 2):
 PSYoungGen      total 102400K, used 98304K [0x00000000e0980000, 0x00000000e9e80000, 0x0000000100000000)
  eden space 98304K, 100% used [0x00000000e0980000,0x00000000e6980000,0x00000000e6980000)
  from space 4096K, 0% used [0x00000000e6980000,0x00000000e6980000,0x00000000e6d80000)
  to   space 17920K, 0% used [0x00000000e8d00000,0x00000000e8d00000,0x00000000e9e80000)
 ParOldGen       total 92160K, used 22791K [0x00000000a1c00000, 0x00000000a7600000, 0x00000000e0980000)
  object space 92160K, 24% used [0x00000000a1c00000,0x00000000a3241df0,0x00000000a7600000)
 Metaspace       used 43868K, capacity 44612K, committed 44928K, reserved 1089536K
  class space    used 5516K, capacity 5701K, committed 5760K, reserved 1048576K
Event: 16.164 GC heap after
Heap after GC invocations=8 (full 2):
 PSYoungGen      total 130048K, used 17893K [0x00000000e0980000, 0x00000000ec080000, 0x0000000100000000)
  eden space 112128K, 0% used [0x00000000e0980000,0x00000000e0980000,0x00000000e7700000)
  from space 17920K, 99% used [0x00000000e8d00000,0x00000000e9e796b8,0x00000000e9e80000)
  to   space 22528K, 0% used [0x00000000e7700000,0x00000000e7700000,0x00000000e8d00000)
 ParOldGen       total 92160K, used 25567K [0x00000000a1c00000, 0x00000000a7600000, 0x00000000e0980000)
  object space 92160K, 27% used [0x00000000a1c00000,0x00000000a34f7e10,0x00000000a7600000)
 Metaspace       used 43868K, capacity 44612K, committed 44928K, reserved 1089536K
  class space    used 5516K, capacity 5701K, committed 5760K, reserved 1048576K
}

