# JRE version: Java(TM) SE Runtime Environment (8.0_251-b08) (build 1.8.0_251-b08)
# Java VM: Java HotSpot(TM) 64-Bit Server VM (25.251-b08 mixed mode windows-amd64 compressed oops)
Heap:
 PSYoungGen      total 123904K, used 14182K [0x00000000d5580000, 0x00000000e0f00000, 0x0000000100000000)
  eden space 113664K, 3% used [0x00000000d5580000,0x00000000d599dff8,0x00000000dc480000)
  from space 10240K, 97% used [0x00000000dc480000,0x00000000dce3b860,0x00000000dce80000)
  to   space 11264K, 0% used [0x00000000e0400000,0x00000000e0400000,0x00000000e0f00000)
 ParOldGen       total 48640K, used 13029K [0x0000000080000000, 0x0000000082f80000, 0x00000000d5580000)
  object space 48640K, 26% used [0x0000000080000000,0x0000000080cb9528,0x0000000082f80000)
 Metaspace       used 40918K, capacity 42556K, committed 42752K, reserved 1085440K
  class space    used 5908K, capacity 6294K, committed 6400K, reserved 1048576K
GC Heap History (10 events):
Event: 10.193 GC heap before
{Heap before GC invocations=11 (full 1):
 PSYoungGen      total 55296K, used 47104K [0x00000000d5580000, 0x00000000daf80000, 0x0000000100000000)
  eden space 47104K, 100% used [0x00000000d5580000,0x00000000d8380000,0x00000000d8380000)
  from space 8192K, 0% used [0x00000000d8380000,0x00000000d8380000,0x00000000d8b80000)
  to   space 8192K, 0% used [0x00000000da780000,0x00000000da780000,0x00000000daf80000)
 ParOldGen       total 35840K, used 6595K [0x0000000080000000, 0x0000000082300000, 0x00000000d5580000)
  object space 35840K, 18% used [0x0000000080000000,0x0000000080670c90,0x0000000082300000)
 Metaspace       used 23997K, capacity 24786K, committed 24960K, reserved 1071104K
  class space    used 3493K, capacity 3711K, committed 3712K, reserved 1048576K
Event: 10.199 GC heap after
Heap after GC invocations=11 (full 1):
 PSYoungGen      total 79872K, used 4153K [0x00000000d5580000, 0x00000000dad80000, 0x0000000100000000)
  eden space 73728K, 0% used [0x00000000d5580000,0x00000000d5580000,0x00000000d9d80000)
  from space 6144K, 67% used [0x00000000da780000,0x00000000dab8e500,0x00000000dad80000)
  to   space 8192K, 0% used [0x00000000d9d80000,0x00000000d9d80000,0x00000000da580000)
 ParOldGen       total 35840K, used 6603K [0x0000000080000000, 0x0000000082300000, 0x00000000d5580000)
  object space 35840K, 18% used [0x0000000080000000,0x0000000080672c90,0x0000000082300000)
 Metaspace       used 23997K, capacity 24786K, committed 24960K, reserved 1071104K
  class space    used 3493K, capacity 3711K, committed 3712K, reserved 1048576K
}
Event: 12.901 GC heap before
{Heap before GC invocations=12 (full 1):
 PSYoungGen      total 79872K, used 77881K [0x00000000d5580000, 0x00000000dad80000, 0x0000000100000000)
  eden space 73728K, 100% used [0x00000000d5580000,0x00000000d9d80000,0x00000000d9d80000)
  from space 6144K, 67% used [0x00000000da780000,0x00000000dab8e500,0x00000000dad80000)
  to   space 8192K, 0% used [0x00000000d9d80000,0x00000000d9d80000,0x00000000da580000)
 ParOldGen       total 35840K, used 6603K [0x0000000080000000, 0x0000000082300000, 0x00000000d5580000)
  object space 35840K, 18% used [0x0000000080000000,0x0000000080672c90,0x0000000082300000)
 Metaspace       used 32770K, capacity 33854K, committed 33920K, reserved 1079296K
  class space    used 4711K, capacity 4974K, committed 4992K, reserved 1048576K
Event: 12.924 GC heap after
Heap after GC invocations=12 (full 1):
 PSYoungGen      total 81920K, used 8164K [0x00000000d5580000, 0x00000000dd880000, 0x0000000100000000)
  eden space 73728K, 0% used [0x00000000d5580000,0x00000000d5580000,0x00000000d9d80000)
  from space 8192K, 99% used [0x00000000d9d80000,0x00000000da579038,0x00000000da580000)
  to   space 9728K, 0% used [0x00000000dcf00000,0x00000000dcf00000,0x00000000dd880000)
 ParOldGen       total 35840K, used 8955K [0x0000000080000000, 0x0000000082300000, 0x00000000d5580000)
  object space 35840K, 24% used [0x0000000080000000,0x00000000808befe8,0x0000000082300000)
 Metaspace       used 32770K, capacity 33854K, committed 33920K, reserved 1079296K
  class space    used 4711K, capacity 4974K, committed 4992K, reserved 1048576K
}
Event: 13.320 GC heap before
{Heap before GC invocations=13 (full 1):
 PSYoungGen      total 81920K, used 31684K [0x00000000d5580000, 0x00000000dd880000, 0x0000000100000000)
  eden space 73728K, 31% used [0x00000000d5580000,0x00000000d6c78318,0x00000000d9d80000)
  from space 8192K, 99% used [0x00000000d9d80000,0x00000000da579038,0x00000000da580000)
  to   space 9728K, 0% used [0x00000000dcf00000,0x00000000dcf00000,0x00000000dd880000)
 ParOldGen       total 35840K, used 8955K [0x0000000080000000, 0x0000000082300000, 0x00000000d5580000)
  object space 35840K, 24% used [0x0000000080000000,0x00000000808befe8,0x0000000082300000)
 Metaspace       used 34259K, capacity 35446K, committed 35456K, reserved 1079296K
  class space    used 4954K, capacity 5240K, committed 5248K, reserved 1048576K
Event: 13.333 GC heap after
Heap after GC invocations=13 (full 1):
 PSYoungGen      total 123392K, used 1736K [0x00000000d5580000, 0x00000000dd880000, 0x0000000100000000)
  eden space 113664K, 0% used [0x00000000d5580000,0x00000000d5580000,0x00000000dc480000)
  from space 9728K, 17% used [0x00000000dcf00000,0x00000000dd0b2110,0x00000000dd880000)
  to   space 10240K, 0% used [0x00000000dc480000,0x00000000dc480000,0x00000000dce80000)
 ParOldGen       total 35840K, used 12907K [0x0000000080000000, 0x0000000082300000, 0x00000000d5580000)
  object space 35840K, 36% used [0x0000000080000000,0x0000000080c9adb8,0x0000000082300000)
 Metaspace       used 34259K, capacity 35446K, committed 35456K, reserved 1079296K
  class space    used 4954K, capacity 5240K, committed 5248K, reserved 1048576K
}
Event: 13.333 GC heap before
{Heap before GC invocations=14 (full 2):
 PSYoungGen      total 123392K, used 1736K [0x00000000d5580000, 0x00000000dd880000, 0x0000000100000000)
  eden space 113664K, 0% used [0x00000000d5580000,0x00000000d5580000,0x00000000dc480000)
  from space 9728K, 17% used [0x00000000dcf00000,0x00000000dd0b2110,0x00000000dd880000)
  to   space 10240K, 0% used [0x00000000dc480000,0x00000000dc480000,0x00000000dce80000)
 ParOldGen       total 35840K, used 12907K [0x0000000080000000, 0x0000000082300000, 0x00000000d5580000)
  object space 35840K, 36% used [0x0000000080000000,0x0000000080c9adb8,0x0000000082300000)
 Metaspace       used 34259K, capacity 35446K, committed 35456K, reserved 1079296K
  class space    used 4954K, capacity 5240K, committed 5248K, reserved 1048576K
Event: 13.411 GC heap after
Heap after GC invocations=14 (full 2):
 PSYoungGen      total 123392K, used 0K [0x00000000d5580000, 0x00000000dd880000, 0x0000000100000000)
  eden space 113664K, 0% used [0x00000000d5580000,0x00000000d5580000,0x00000000dc480000)
  from space 9728K, 0% used [0x00000000dcf00000,0x00000000dcf00000,0x00000000dd880000)
  to   space 10240K, 0% used [0x00000000dc480000,0x00000000dc480000,0x00000000dce80000)
 ParOldGen       total 48640K, used 13021K [0x0000000080000000, 0x0000000082f80000, 0x00000000d5580000)
  object space 48640K, 26% used [0x0000000080000000,0x0000000080cb7528,0x0000000082f80000)
 Metaspace       used 34259K, capacity 35446K, committed 35456K, reserved 1079296K
  class space    used 4954K, capacity 5240K, committed 5248K, reserved 1048576K
}
Event: 16.639 GC heap before
{Heap before GC invocations=15 (full 2):
 PSYoungGen      total 123392K, used 113664K [0x00000000d5580000, 0x00000000dd880000, 0x0000000100000000)
  eden space 113664K, 100% used [0x00000000d5580000,0x00000000dc480000,0x00000000dc480000)
  from space 9728K, 0% used [0x00000000dcf00000,0x00000000dcf00000,0x00000000dd880000)
  to   space 10240K, 0% used [0x00000000dc480000,0x00000000dc480000,0x00000000dce80000)
 ParOldGen       total 48640K, used 13021K [0x0000000080000000, 0x0000000082f80000, 0x00000000d5580000)
  object space 48640K, 26% used [0x0000000080000000,0x0000000080cb7528,0x0000000082f80000)
 Metaspace       used 40585K, capacity 42218K, committed 42368K, reserved 1085440K
  class space    used 5859K, capacity 6227K, committed 6272K, reserved 1048576K
Event: 16.654 GC heap after
Heap after GC invocations=15 (full 2):
 PSYoungGen      total 123904K, used 9966K [0x00000000d5580000, 0x00000000e0f00000, 0x0000000100000000)
  eden space 113664K, 0% used [0x00000000d5580000,0x00000000d5580000,0x00000000dc480000)
  from space 10240K, 97% used [0x00000000dc480000,0x00000000dce3b860,0x00000000dce80000)
  to   space 11264K, 0% used [0x00000000e0400000,0x00000000e0400000,0x00000000e0f00000)
 ParOldGen       total 48640K, used 13029K [0x0000000080000000, 0x0000000082f80000, 0x00000000d5580000)
  object space 48640K, 26% used [0x0000000080000000,0x0000000080cb9528,0x0000000082f80000)
 Metaspace       used 40585K, capacity 42218K, committed 42368K, reserved 1085440K
  class space    used 5859K, capacity 6227K, committed 6272K, reserved 1048576K
}

