# JRE version: Java(TM) SE Runtime Environment (8.0_251-b08) (build 1.8.0_251-b08)
# Java VM: Java HotSpot(TM) 64-Bit Server VM (25.251-b08 mixed mode windows-amd64 compressed oops)
Heap:
 PSYoungGen      total 485888K, used 299462K [0x00000000d5580000, 0x00000000ff800000, 0x0000000100000000)
  eden space 291328K, 92% used [0x00000000d5580000,0x00000000e5dfdd98,0x00000000e7200000)
  from space 194560K, 14% used [0x00000000f3a00000,0x00000000f55f3ce0,0x00000000ff800000)
  to   space 199680K, 0% used [0x00000000e7200000,0x00000000e7200000,0x00000000f3500000)
 ParOldGen       total 380416K, used 329543K [0x0000000080000000, 0x0000000097380000, 0x00000000d5580000)
  object space 380416K, 86% used [0x0000000080000000,0x00000000941d1c48,0x0000000097380000)
 Metaspace       used 227821K, capacity 240254K, committed 245504K, reserved 1259520K
  class space    used 29081K, capacity 31694K, committed 34560K, reserved 1048576K
GC Heap History (10 events):
Event: 2688.047 GC heap before
{Heap before GC invocations=64 (full 8):
 PSYoungGen      total 490496K, used 137697K [0x00000000d5580000, 0x0000000100000000, 0x0000000100000000)
  eden space 352768K, 0% used [0x00000000d5580000,0x00000000d5580000,0x00000000eae00000)
  from space 137728K, 99% used [0x00000000f7980000,0x00000000ffff8470,0x0000000100000000)
  to   space 173056K, 0% used [0x00000000eae00000,0x00000000eae00000,0x00000000f5700000)
 ParOldGen       total 380416K, used 331234K [0x0000000080000000, 0x0000000097380000, 0x00000000d5580000)
  object space 380416K, 87% used [0x0000000080000000,0x0000000094378bb8,0x0000000097380000)
 Metaspace       used 239830K, capacity 255176K, committed 255488K, reserved 1269760K
  class space    used 31369K, capacity 34400K, committed 34560K, reserved 1048576K
Event: 2697.672 GC heap after
Heap after GC invocations=64 (full 8):
 PSYoungGen      total 490496K, used 0K [0x00000000d5580000, 0x0000000100000000, 0x0000000100000000)
  eden space 352768K, 0% used [0x00000000d5580000,0x00000000d5580000,0x00000000eae00000)
  from space 137728K, 0% used [0x00000000f7980000,0x00000000f7980000,0x0000000100000000)
  to   space 173056K, 0% used [0x00000000eae00000,0x00000000eae00000,0x00000000f5700000)
 ParOldGen       total 380416K, used 312566K [0x0000000080000000, 0x0000000097380000, 0x00000000d5580000)
  object space 380416K, 82% used [0x0000000080000000,0x000000009313d8b8,0x0000000097380000)
 Metaspace       used 187880K, capacity 197598K, committed 230912K, reserved 1245184K
  class space    used 24372K, capacity 26364K, committed 34560K, reserved 1048576K
}
Event: 2720.137 GC heap before
{Heap before GC invocations=65 (full 8):
 PSYoungGen      total 490496K, used 352768K [0x00000000d5580000, 0x0000000100000000, 0x0000000100000000)
  eden space 352768K, 100% used [0x00000000d5580000,0x00000000eae00000,0x00000000eae00000)
  from space 137728K, 0% used [0x00000000f7980000,0x00000000f7980000,0x0000000100000000)
  to   space 173056K, 0% used [0x00000000eae00000,0x00000000eae00000,0x00000000f5700000)
 ParOldGen       total 380416K, used 312566K [0x0000000080000000, 0x0000000097380000, 0x00000000d5580000)
  object space 380416K, 82% used [0x0000000080000000,0x000000009313d8b8,0x0000000097380000)
 Metaspace       used 192427K, capacity 202440K, committed 230912K, reserved 1245184K
  class space    used 25116K, capacity 27161K, committed 34560K, reserved 1048576K
Event: 2721.013 GC heap after
Heap after GC invocations=65 (full 8):
 PSYoungGen      total 470016K, used 117197K [0x00000000d5580000, 0x0000000100000000, 0x0000000100000000)
  eden space 352768K, 0% used [0x00000000d5580000,0x00000000d5580000,0x00000000eae00000)
  from space 117248K, 99% used [0x00000000eae00000,0x00000000f2073678,0x00000000f2080000)
  to   space 179200K, 0% used [0x00000000f5100000,0x00000000f5100000,0x0000000100000000)
 ParOldGen       total 380416K, used 312574K [0x0000000080000000, 0x0000000097380000, 0x00000000d5580000)
  object space 380416K, 82% used [0x0000000080000000,0x000000009313f8b8,0x0000000097380000)
 Metaspace       used 192427K, capacity 202440K, committed 230912K, reserved 1245184K
  class space    used 25116K, capacity 27161K, committed 34560K, reserved 1048576K
}
Event: 2726.850 GC heap before
{Heap before GC invocations=66 (full 8):
 PSYoungGen      total 470016K, used 469965K [0x00000000d5580000, 0x0000000100000000, 0x0000000100000000)
  eden space 352768K, 100% used [0x00000000d5580000,0x00000000eae00000,0x00000000eae00000)
  from space 117248K, 99% used [0x00000000eae00000,0x00000000f2073678,0x00000000f2080000)
  to   space 179200K, 0% used [0x00000000f5100000,0x00000000f5100000,0x0000000100000000)
 ParOldGen       total 380416K, used 312574K [0x0000000080000000, 0x0000000097380000, 0x00000000d5580000)
  object space 380416K, 82% used [0x0000000080000000,0x000000009313f8b8,0x0000000097380000)
 Metaspace       used 193577K, capacity 203902K, committed 230912K, reserved 1245184K
  class space    used 25236K, capacity 27338K, committed 34560K, reserved 1048576K
Event: 2727.264 GC heap after
Heap after GC invocations=66 (full 8):
 PSYoungGen      total 468480K, used 174085K [0x00000000d5580000, 0x0000000100000000, 0x0000000100000000)
  eden space 289280K, 0% used [0x00000000d5580000,0x00000000d5580000,0x00000000e7000000)
  from space 179200K, 97% used [0x00000000f5100000,0x00000000ffb01480,0x0000000100000000)
  to   space 204800K, 0% used [0x00000000e7000000,0x00000000e7000000,0x00000000f3800000)
 ParOldGen       total 380416K, used 312582K [0x0000000080000000, 0x0000000097380000, 0x00000000d5580000)
  object space 380416K, 82% used [0x0000000080000000,0x00000000931418b8,0x0000000097380000)
 Metaspace       used 193577K, capacity 203902K, committed 230912K, reserved 1245184K
  class space    used 25236K, capacity 27338K, committed 34560K, reserved 1048576K
}
Event: 2762.826 GC heap before
{Heap before GC invocations=67 (full 8):
 PSYoungGen      total 468480K, used 463365K [0x00000000d5580000, 0x0000000100000000, 0x0000000100000000)
  eden space 289280K, 100% used [0x00000000d5580000,0x00000000e7000000,0x00000000e7000000)
  from space 179200K, 97% used [0x00000000f5100000,0x00000000ffb01480,0x0000000100000000)
  to   space 204800K, 0% used [0x00000000e7000000,0x00000000e7000000,0x00000000f3800000)
 ParOldGen       total 380416K, used 312582K [0x0000000080000000, 0x0000000097380000, 0x00000000d5580000)
  object space 380416K, 82% used [0x0000000080000000,0x00000000931418b8,0x0000000097380000)
 Metaspace       used 207102K, capacity 218300K, committed 230912K, reserved 1245184K
  class space    used 26764K, capacity 29081K, committed 34560K, reserved 1048576K
Event: 2762.909 GC heap after
Heap after GC invocations=67 (full 8):
 PSYoungGen      total 494080K, used 30255K [0x00000000d5580000, 0x0000000100000000, 0x0000000100000000)
  eden space 289280K, 0% used [0x00000000d5580000,0x00000000d5580000,0x00000000e7000000)
  from space 204800K, 14% used [0x00000000e7000000,0x00000000e8d8bc98,0x00000000f3800000)
  to   space 202752K, 0% used [0x00000000f3a00000,0x00000000f3a00000,0x0000000100000000)
 ParOldGen       total 380416K, used 316666K [0x0000000080000000, 0x0000000097380000, 0x00000000d5580000)
  object space 380416K, 83% used [0x0000000080000000,0x000000009353ea38,0x0000000097380000)
 Metaspace       used 207102K, capacity 218300K, committed 230912K, reserved 1245184K
  class space    used 26764K, capacity 29081K, committed 34560K, reserved 1048576K
}
Event: 2778.155 GC heap before
{Heap before GC invocations=68 (full 8):
 PSYoungGen      total 494080K, used 319535K [0x00000000d5580000, 0x0000000100000000, 0x0000000100000000)
  eden space 289280K, 100% used [0x00000000d5580000,0x00000000e7000000,0x00000000e7000000)
  from space 204800K, 14% used [0x00000000e7000000,0x00000000e8d8bc98,0x00000000f3800000)
  to   space 202752K, 0% used [0x00000000f3a00000,0x00000000f3a00000,0x0000000100000000)
 ParOldGen       total 380416K, used 316666K [0x0000000080000000, 0x0000000097380000, 0x00000000d5580000)
  object space 380416K, 83% used [0x0000000080000000,0x000000009353ea38,0x0000000097380000)
 Metaspace       used 218333K, capacity 230072K, committed 237312K, reserved 1251328K
  class space    used 28007K, capacity 30461K, committed 34560K, reserved 1048576K
Event: 2778.681 GC heap after
Heap after GC invocations=68 (full 8):
 PSYoungGen      total 485888K, used 28623K [0x00000000d5580000, 0x00000000ff800000, 0x0000000100000000)
  eden space 291328K, 0% used [0x00000000d5580000,0x00000000d5580000,0x00000000e7200000)
  from space 194560K, 14% used [0x00000000f3a00000,0x00000000f55f3ce0,0x00000000ff800000)
  to   space 199680K, 0% used [0x00000000e7200000,0x00000000e7200000,0x00000000f3500000)
 ParOldGen       total 380416K, used 329543K [0x0000000080000000, 0x0000000097380000, 0x00000000d5580000)
  object space 380416K, 86% used [0x0000000080000000,0x00000000941d1c48,0x0000000097380000)
 Metaspace       used 218333K, capacity 230072K, committed 237312K, reserved 1251328K
  class space    used 28007K, capacity 30461K, committed 34560K, reserved 1048576K
}

