# JRE version: Java(TM) SE Runtime Environment (8.0_251-b08) (build 1.8.0_251-b08)
# Java VM: Java HotSpot(TM) 64-Bit Server VM (25.251-b08 mixed mode windows-amd64 compressed oops)
Heap:
 PSYoungGen      total 135680K, used 55637K [0x00000000d5580000, 0x00000000dfa80000, 0x0000000100000000)
  eden space 122368K, 45% used [0x00000000d5580000,0x00000000d8bd55e0,0x00000000dcd00000)
  from space 13312K, 0% used [0x00000000dcd00000,0x00000000dcd00000,0x00000000dda00000)
  to   space 13312K, 0% used [0x00000000ded80000,0x00000000ded80000,0x00000000dfa80000)
 ParOldGen       total 52224K, used 32976K [0x0000000080000000, 0x0000000083300000, 0x00000000d5580000)
  object space 52224K, 63% used [0x0000000080000000,0x00000000820343c8,0x0000000083300000)
 Metaspace       used 60663K, capacity 63508K, committed 63872K, reserved 1103872K
  class space    used 8514K, capacity 9065K, committed 9088K, reserved 1048576K
GC Heap History (10 events):
Event: 20.991 GC heap before
{Heap before GC invocations=18 (full 2):
 PSYoungGen      total 90624K, used 90610K [0x00000000d5580000, 0x00000000dcd80000, 0x0000000100000000)
  eden space 82944K, 100% used [0x00000000d5580000,0x00000000da680000,0x00000000da680000)
  from space 7680K, 99% used [0x00000000da680000,0x00000000dadfcbc8,0x00000000dae00000)
  to   space 8704K, 0% used [0x00000000dc500000,0x00000000dc500000,0x00000000dcd80000)
 ParOldGen       total 52224K, used 15742K [0x0000000080000000, 0x0000000083300000, 0x00000000d5580000)
  object space 52224K, 30% used [0x0000000080000000,0x0000000080f5fa18,0x0000000083300000)
 Metaspace       used 46557K, capacity 48364K, committed 48640K, reserved 1091584K
  class space    used 6690K, capacity 7069K, committed 7168K, reserved 1048576K
Event: 21.008 GC heap after
Heap after GC invocations=18 (full 2):
 PSYoungGen      total 113152K, used 8488K [0x00000000d5580000, 0x00000000dd380000, 0x0000000100000000)
  eden space 104448K, 0% used [0x00000000d5580000,0x00000000d5580000,0x00000000dbb80000)
  from space 8704K, 97% used [0x00000000dc500000,0x00000000dcd4a0f0,0x00000000dcd80000)
  to   space 9728K, 0% used [0x00000000dbb80000,0x00000000dbb80000,0x00000000dc500000)
 ParOldGen       total 52224K, used 19510K [0x0000000080000000, 0x0000000083300000, 0x00000000d5580000)
  object space 52224K, 37% used [0x0000000080000000,0x000000008130da58,0x0000000083300000)
 Metaspace       used 46557K, capacity 48364K, committed 48640K, reserved 1091584K
  class space    used 6690K, capacity 7069K, committed 7168K, reserved 1048576K
}
Event: 25.306 GC heap before
{Heap before GC invocations=19 (full 2):
 PSYoungGen      total 113152K, used 112936K [0x00000000d5580000, 0x00000000dd380000, 0x0000000100000000)
  eden space 104448K, 100% used [0x00000000d5580000,0x00000000dbb80000,0x00000000dbb80000)
  from space 8704K, 97% used [0x00000000dc500000,0x00000000dcd4a0f0,0x00000000dcd80000)
  to   space 9728K, 0% used [0x00000000dbb80000,0x00000000dbb80000,0x00000000dc500000)
 ParOldGen       total 52224K, used 19510K [0x0000000080000000, 0x0000000083300000, 0x00000000d5580000)
  object space 52224K, 37% used [0x0000000080000000,0x000000008130da58,0x0000000083300000)
 Metaspace       used 51665K, capacity 53906K, committed 54272K, reserved 1095680K
  class space    used 7405K, capacity 7818K, committed 7936K, reserved 1048576K
Event: 25.338 GC heap after
Heap after GC invocations=19 (full 2):
 PSYoungGen      total 114176K, used 9727K [0x00000000d5580000, 0x00000000de880000, 0x0000000100000000)
  eden space 104448K, 0% used [0x00000000d5580000,0x00000000d5580000,0x00000000dbb80000)
  from space 9728K, 99% used [0x00000000dbb80000,0x00000000dc4ffc08,0x00000000dc500000)
  to   space 12800K, 0% used [0x00000000ddc00000,0x00000000ddc00000,0x00000000de880000)
 ParOldGen       total 52224K, used 24602K [0x0000000080000000, 0x0000000083300000, 0x00000000d5580000)
  object space 52224K, 47% used [0x0000000080000000,0x0000000081806b40,0x0000000083300000)
 Metaspace       used 51665K, capacity 53906K, committed 54272K, reserved 1095680K
  class space    used 7405K, capacity 7818K, committed 7936K, reserved 1048576K
}
Event: 36.305 GC heap before
{Heap before GC invocations=20 (full 2):
 PSYoungGen      total 114176K, used 114175K [0x00000000d5580000, 0x00000000de880000, 0x0000000100000000)
  eden space 104448K, 100% used [0x00000000d5580000,0x00000000dbb80000,0x00000000dbb80000)
  from space 9728K, 99% used [0x00000000dbb80000,0x00000000dc4ffc08,0x00000000dc500000)
  to   space 12800K, 0% used [0x00000000ddc00000,0x00000000ddc00000,0x00000000de880000)
 ParOldGen       total 52224K, used 24602K [0x0000000080000000, 0x0000000083300000, 0x00000000d5580000)
  object space 52224K, 47% used [0x0000000080000000,0x0000000081806b40,0x0000000083300000)
 Metaspace       used 54410K, capacity 57198K, committed 57216K, reserved 1097728K
  class space    used 7764K, capacity 8310K, committed 8320K, reserved 1048576K
Event: 36.334 GC heap after
Heap after GC invocations=20 (full 2):
 PSYoungGen      total 133632K, used 8732K [0x00000000d5580000, 0x00000000de700000, 0x0000000100000000)
  eden space 122368K, 0% used [0x00000000d5580000,0x00000000d5580000,0x00000000dcd00000)
  from space 11264K, 77% used [0x00000000ddc00000,0x00000000de487108,0x00000000de700000)
  to   space 13312K, 0% used [0x00000000dcd00000,0x00000000dcd00000,0x00000000dda00000)
 ParOldGen       total 52224K, used 31786K [0x0000000080000000, 0x0000000083300000, 0x00000000d5580000)
  object space 52224K, 60% used [0x0000000080000000,0x0000000081f0a988,0x0000000083300000)
 Metaspace       used 54410K, capacity 57198K, committed 57216K, reserved 1097728K
  class space    used 7764K, capacity 8310K, committed 8320K, reserved 1048576K
}
Event: 37.684 GC heap before
{Heap before GC invocations=21 (full 2):
 PSYoungGen      total 133632K, used 29004K [0x00000000d5580000, 0x00000000de700000, 0x0000000100000000)
  eden space 122368K, 16% used [0x00000000d5580000,0x00000000d694c140,0x00000000dcd00000)
  from space 11264K, 77% used [0x00000000ddc00000,0x00000000de487108,0x00000000de700000)
  to   space 13312K, 0% used [0x00000000dcd00000,0x00000000dcd00000,0x00000000dda00000)
 ParOldGen       total 52224K, used 31786K [0x0000000080000000, 0x0000000083300000, 0x00000000d5580000)
  object space 52224K, 60% used [0x0000000080000000,0x0000000081f0a988,0x0000000083300000)
 Metaspace       used 56353K, capacity 59070K, committed 59160K, reserved 1099776K
  class space    used 7989K, capacity 8510K, committed 8576K, reserved 1048576K
Event: 37.696 GC heap after
Heap after GC invocations=21 (full 2):
 PSYoungGen      total 135680K, used 8158K [0x00000000d5580000, 0x00000000dfa80000, 0x0000000100000000)
  eden space 122368K, 0% used [0x00000000d5580000,0x00000000d5580000,0x00000000dcd00000)
  from space 13312K, 61% used [0x00000000dcd00000,0x00000000dd4f7ac0,0x00000000dda00000)
  to   space 13312K, 0% used [0x00000000ded80000,0x00000000ded80000,0x00000000dfa80000)
 ParOldGen       total 52224K, used 31794K [0x0000000080000000, 0x0000000083300000, 0x00000000d5580000)
  object space 52224K, 60% used [0x0000000080000000,0x0000000081f0c988,0x0000000083300000)
 Metaspace       used 56353K, capacity 59070K, committed 59160K, reserved 1099776K
  class space    used 7989K, capacity 8510K, committed 8576K, reserved 1048576K
}
Event: 37.696 GC heap before
{Heap before GC invocations=22 (full 3):
 PSYoungGen      total 135680K, used 8158K [0x00000000d5580000, 0x00000000dfa80000, 0x0000000100000000)
  eden space 122368K, 0% used [0x00000000d5580000,0x00000000d5580000,0x00000000dcd00000)
  from space 13312K, 61% used [0x00000000dcd00000,0x00000000dd4f7ac0,0x00000000dda00000)
  to   space 13312K, 0% used [0x00000000ded80000,0x00000000ded80000,0x00000000dfa80000)
 ParOldGen       total 52224K, used 31794K [0x0000000080000000, 0x0000000083300000, 0x00000000d5580000)
  object space 52224K, 60% used [0x0000000080000000,0x0000000081f0c988,0x0000000083300000)
 Metaspace       used 56353K, capacity 59070K, committed 59160K, reserved 1099776K
  class space    used 7989K, capacity 8510K, committed 8576K, reserved 1048576K
Event: 38.001 GC heap after
Heap after GC invocations=22 (full 3):
 PSYoungGen      total 135680K, used 0K [0x00000000d5580000, 0x00000000dfa80000, 0x0000000100000000)
  eden space 122368K, 0% used [0x00000000d5580000,0x00000000d5580000,0x00000000dcd00000)
  from space 13312K, 0% used [0x00000000dcd00000,0x00000000dcd00000,0x00000000dda00000)
  to   space 13312K, 0% used [0x00000000ded80000,0x00000000ded80000,0x00000000dfa80000)
 ParOldGen       total 52224K, used 32976K [0x0000000080000000, 0x0000000083300000, 0x00000000d5580000)
  object space 52224K, 63% used [0x0000000080000000,0x00000000820343c8,0x0000000083300000)
 Metaspace       used 56336K, capacity 59016K, committed 59160K, reserved 1099776K
  class space    used 7983K, capacity 8501K, committed 8576K, reserved 1048576K
}

