# JRE version: Java(TM) SE Runtime Environment (8.0_251-b08) (build 1.8.0_251-b08)
# Java VM: Java HotSpot(TM) 64-Bit Server VM (25.251-b08 mixed mode windows-amd64 compressed oops)
Heap:
 PSYoungGen      total 144896K, used 71789K [0x00000000d5580000, 0x00000000e1800000, 0x0000000100000000)
  eden space 120320K, 46% used [0x00000000d5580000,0x00000000d8bc8db8,0x00000000dcb00000)
  from space 24576K, 65% used [0x00000000dcb00000,0x00000000ddad2888,0x00000000de300000)
  to   space 25088K, 0% used [0x00000000dff80000,0x00000000dff80000,0x00000000e1800000)
 ParOldGen       total 118784K, used 33653K [0x0000000080000000, 0x0000000087400000, 0x00000000d5580000)
  object space 118784K, 28% used [0x0000000080000000,0x00000000820dd590,0x0000000087400000)
 Metaspace       used 69536K, capacity 72784K, committed 72960K, reserved 1112064K
  class space    used 9746K, capacity 10375K, committed 10496K, reserved 1048576K
GC Heap History (10 events):
Event: 37.209 GC heap before
{Heap before GC invocations=14 (full 2):
 PSYoungGen      total 97792K, used 97771K [0x00000000d5580000, 0x00000000dd880000, 0x0000000100000000)
  eden space 85504K, 100% used [0x00000000d5580000,0x00000000da900000,0x00000000da900000)
  from space 12288K, 99% used [0x00000000da900000,0x00000000db4fae78,0x00000000db500000)
  to   space 14336K, 0% used [0x00000000dca80000,0x00000000dca80000,0x00000000dd880000)
 ParOldGen       total 79360K, used 16188K [0x0000000080000000, 0x0000000084d80000, 0x00000000d5580000)
  object space 79360K, 20% used [0x0000000080000000,0x0000000080fcf2d0,0x0000000084d80000)
 Metaspace       used 51177K, capacity 53372K, committed 53632K, reserved 1095680K
  class space    used 7365K, capacity 7765K, committed 7808K, reserved 1048576K
Event: 37.238 GC heap after
Heap after GC invocations=14 (full 2):
 PSYoungGen      total 116224K, used 14312K [0x00000000d5580000, 0x00000000ddf00000, 0x0000000100000000)
  eden space 101888K, 0% used [0x00000000d5580000,0x00000000d5580000,0x00000000db900000)
  from space 14336K, 99% used [0x00000000dca80000,0x00000000dd87a050,0x00000000dd880000)
  to   space 17920K, 0% used [0x00000000db900000,0x00000000db900000,0x00000000dca80000)
 ParOldGen       total 79360K, used 21052K [0x0000000080000000, 0x0000000084d80000, 0x00000000d5580000)
  object space 79360K, 26% used [0x0000000080000000,0x000000008148f208,0x0000000084d80000)
 Metaspace       used 51177K, capacity 53372K, committed 53632K, reserved 1095680K
  class space    used 7365K, capacity 7765K, committed 7808K, reserved 1048576K
}
Event: 50.814 GC heap before
{Heap before GC invocations=15 (full 2):
 PSYoungGen      total 116224K, used 116200K [0x00000000d5580000, 0x00000000ddf00000, 0x0000000100000000)
  eden space 101888K, 100% used [0x00000000d5580000,0x00000000db900000,0x00000000db900000)
  from space 14336K, 99% used [0x00000000dca80000,0x00000000dd87a050,0x00000000dd880000)
  to   space 17920K, 0% used [0x00000000db900000,0x00000000db900000,0x00000000dca80000)
 ParOldGen       total 79360K, used 21052K [0x0000000080000000, 0x0000000084d80000, 0x00000000d5580000)
  object space 79360K, 26% used [0x0000000080000000,0x000000008148f208,0x0000000084d80000)
 Metaspace       used 53715K, capacity 56390K, committed 56576K, reserved 1097728K
  class space    used 7675K, capacity 8164K, committed 8192K, reserved 1048576K
Event: 50.856 GC heap after
Heap after GC invocations=15 (full 2):
 PSYoungGen      total 119808K, used 17896K [0x00000000d5580000, 0x00000000df800000, 0x0000000100000000)
  eden space 101888K, 0% used [0x00000000d5580000,0x00000000d5580000,0x00000000db900000)
  from space 17920K, 99% used [0x00000000db900000,0x00000000dca7a050,0x00000000dca80000)
  to   space 21504K, 0% used [0x00000000de300000,0x00000000de300000,0x00000000df800000)
 ParOldGen       total 79360K, used 23888K [0x0000000080000000, 0x0000000084d80000, 0x00000000d5580000)
  object space 79360K, 30% used [0x0000000080000000,0x0000000081754138,0x0000000084d80000)
 Metaspace       used 53715K, capacity 56390K, committed 56576K, reserved 1097728K
  class space    used 7675K, capacity 8164K, committed 8192K, reserved 1048576K
}
Event: 52.635 GC heap before
{Heap before GC invocations=16 (full 2):
 PSYoungGen      total 119808K, used 39904K [0x00000000d5580000, 0x00000000df800000, 0x0000000100000000)
  eden space 101888K, 21% used [0x00000000d5580000,0x00000000d6afe278,0x00000000db900000)
  from space 17920K, 99% used [0x00000000db900000,0x00000000dca7a050,0x00000000dca80000)
  to   space 21504K, 0% used [0x00000000de300000,0x00000000de300000,0x00000000df800000)
 ParOldGen       total 79360K, used 23888K [0x0000000080000000, 0x0000000084d80000, 0x00000000d5580000)
  object space 79360K, 30% used [0x0000000080000000,0x0000000081754138,0x0000000084d80000)
 Metaspace       used 56139K, capacity 58916K, committed 59096K, reserved 1099776K
  class space    used 7959K, capacity 8473K, committed 8576K, reserved 1048576K
Event: 52.665 GC heap after
Heap after GC invocations=16 (full 2):
 PSYoungGen      total 141824K, used 20442K [0x00000000d5580000, 0x00000000e0580000, 0x0000000100000000)
  eden space 120320K, 0% used [0x00000000d5580000,0x00000000d5580000,0x00000000dcb00000)
  from space 21504K, 95% used [0x00000000de300000,0x00000000df6f6a78,0x00000000df800000)
  to   space 24576K, 0% used [0x00000000dcb00000,0x00000000dcb00000,0x00000000de300000)
 ParOldGen       total 79360K, used 23896K [0x0000000080000000, 0x0000000084d80000, 0x00000000d5580000)
  object space 79360K, 30% used [0x0000000080000000,0x0000000081756138,0x0000000084d80000)
 Metaspace       used 56139K, capacity 58916K, committed 59096K, reserved 1099776K
  class space    used 7959K, capacity 8473K, committed 8576K, reserved 1048576K
}
Event: 52.665 GC heap before
{Heap before GC invocations=17 (full 3):
 PSYoungGen      total 141824K, used 20442K [0x00000000d5580000, 0x00000000e0580000, 0x0000000100000000)
  eden space 120320K, 0% used [0x00000000d5580000,0x00000000d5580000,0x00000000dcb00000)
  from space 21504K, 95% used [0x00000000de300000,0x00000000df6f6a78,0x00000000df800000)
  to   space 24576K, 0% used [0x00000000dcb00000,0x00000000dcb00000,0x00000000de300000)
 ParOldGen       total 79360K, used 23896K [0x0000000080000000, 0x0000000084d80000, 0x00000000d5580000)
  object space 79360K, 30% used [0x0000000080000000,0x0000000081756138,0x0000000084d80000)
 Metaspace       used 56139K, capacity 58916K, committed 59096K, reserved 1099776K
  class space    used 7959K, capacity 8473K, committed 8576K, reserved 1048576K
Event: 53.015 GC heap after
Heap after GC invocations=17 (full 3):
 PSYoungGen      total 141824K, used 0K [0x00000000d5580000, 0x00000000e0580000, 0x0000000100000000)
  eden space 120320K, 0% used [0x00000000d5580000,0x00000000d5580000,0x00000000dcb00000)
  from space 21504K, 0% used [0x00000000de300000,0x00000000de300000,0x00000000df800000)
  to   space 24576K, 0% used [0x00000000dcb00000,0x00000000dcb00000,0x00000000de300000)
 ParOldGen       total 118784K, used 33581K [0x0000000080000000, 0x0000000087400000, 0x00000000d5580000)
  object space 118784K, 28% used [0x0000000080000000,0x00000000820cb580,0x0000000087400000)
 Metaspace       used 56117K, capacity 58844K, committed 59096K, reserved 1099776K
  class space    used 7953K, capacity 8461K, committed 8576K, reserved 1048576K
}
Event: 64.028 GC heap before
{Heap before GC invocations=18 (full 3):
 PSYoungGen      total 141824K, used 120320K [0x00000000d5580000, 0x00000000e0580000, 0x0000000100000000)
  eden space 120320K, 100% used [0x00000000d5580000,0x00000000dcb00000,0x00000000dcb00000)
  from space 21504K, 0% used [0x00000000de300000,0x00000000de300000,0x00000000df800000)
  to   space 24576K, 0% used [0x00000000dcb00000,0x00000000dcb00000,0x00000000de300000)
 ParOldGen       total 118784K, used 33581K [0x0000000080000000, 0x0000000087400000, 0x00000000d5580000)
  object space 118784K, 28% used [0x0000000080000000,0x00000000820cb580,0x0000000087400000)
 Metaspace       used 65441K, capacity 68520K, committed 68608K, reserved 1107968K
  class space    used 9092K, capacity 9671K, committed 9728K, reserved 1048576K
Event: 64.046 GC heap after
Heap after GC invocations=18 (full 3):
 PSYoungGen      total 144896K, used 16202K [0x00000000d5580000, 0x00000000e1800000, 0x0000000100000000)
  eden space 120320K, 0% used [0x00000000d5580000,0x00000000d5580000,0x00000000dcb00000)
  from space 24576K, 65% used [0x00000000dcb00000,0x00000000ddad2888,0x00000000de300000)
  to   space 25088K, 0% used [0x00000000dff80000,0x00000000dff80000,0x00000000e1800000)
 ParOldGen       total 118784K, used 33653K [0x0000000080000000, 0x0000000087400000, 0x00000000d5580000)
  object space 118784K, 28% used [0x0000000080000000,0x00000000820dd590,0x0000000087400000)
 Metaspace       used 65441K, capacity 68520K, committed 68608K, reserved 1107968K
  class space    used 9092K, capacity 9671K, committed 9728K, reserved 1048576K
}

