# JRE version: Java(TM) SE Runtime Environment (8.0_251-b08) (build 1.8.0_251-b08)
# Java VM: Java HotSpot(TM) 64-Bit Server VM (25.251-b08 mixed mode windows-amd64 compressed oops)
Heap:
 PSYoungGen      total 104960K, used 52678K [0x00000000e0980000, 0x00000000e7a80000, 0x0000000100000000)
  eden space 96256K, 45% used [0x00000000e0980000,0x00000000e3474828,0x00000000e6780000)
  from space 8704K, 99% used [0x00000000e6780000,0x00000000e6ffd018,0x00000000e7000000)
  to   space 6656K, 0% used [0x00000000e7000000,0x00000000e7000000,0x00000000e7680000)
 ParOldGen       total 65536K, used 31813K [0x00000000a1c00000, 0x00000000a5c00000, 0x00000000e0980000)
  object space 65536K, 48% used [0x00000000a1c00000,0x00000000a3b11620,0x00000000a5c00000)
 Metaspace       used 18922K, capacity 19627K, committed 19712K, reserved 1067008K
  class space    used 2045K, capacity 2288K, committed 2304K, reserved 1048576K
GC Heap History (10 events):
Event: 27.125 GC heap before
{Heap before GC invocations=5 (full 0):
 PSYoungGen      total 53248K, used 52221K [0x00000000e0980000, 0x00000000e4180000, 0x0000000100000000)
  eden space 49152K, 100% used [0x00000000e0980000,0x00000000e3980000,0x00000000e3980000)
  from space 4096K, 74% used [0x00000000e3d80000,0x00000000e407f430,0x00000000e4180000)
  to   space 4096K, 0% used [0x00000000e3980000,0x00000000e3980000,0x00000000e3d80000)
 ParOldGen       total 65536K, used 24K [0x00000000a1c00000, 0x00000000a5c00000, 0x00000000e0980000)
  object space 65536K, 0% used [0x00000000a1c00000,0x00000000a1c06000,0x00000000a5c00000)
 Metaspace       used 11925K, capacity 12342K, committed 12544K, reserved 1060864K
  class space    used 1369K, capacity 1479K, committed 1536K, reserved 1048576K
Event: 27.135 GC heap after
Heap after GC invocations=5 (full 0):
 PSYoungGen      total 53248K, used 4073K [0x00000000e0980000, 0x00000000e7680000, 0x0000000100000000)
  eden space 49152K, 0% used [0x00000000e0980000,0x00000000e0980000,0x00000000e3980000)
  from space 4096K, 99% used [0x00000000e3980000,0x00000000e3d7a580,0x00000000e3d80000)
  to   space 6656K, 0% used [0x00000000e7000000,0x00000000e7000000,0x00000000e7680000)
 ParOldGen       total 65536K, used 2664K [0x00000000a1c00000, 0x00000000a5c00000, 0x00000000e0980000)
  object space 65536K, 4% used [0x00000000a1c00000,0x00000000a1e9a2d8,0x00000000a5c00000)
 Metaspace       used 11925K, capacity 12342K, committed 12544K, reserved 1060864K
  class space    used 1369K, capacity 1479K, committed 1536K, reserved 1048576K
}
Event: 28.468 GC heap before
{Heap before GC invocations=6 (full 0):
 PSYoungGen      total 53248K, used 53120K [0x00000000e0980000, 0x00000000e7680000, 0x0000000100000000)
  eden space 49152K, 99% used [0x00000000e0980000,0x00000000e3965a88,0x00000000e3980000)
  from space 4096K, 99% used [0x00000000e3980000,0x00000000e3d7a580,0x00000000e3d80000)
  to   space 6656K, 0% used [0x00000000e7000000,0x00000000e7000000,0x00000000e7680000)
 ParOldGen       total 65536K, used 2664K [0x00000000a1c00000, 0x00000000a5c00000, 0x00000000e0980000)
  object space 65536K, 4% used [0x00000000a1c00000,0x00000000a1e9a2d8,0x00000000a5c00000)
 Metaspace       used 13456K, capacity 13978K, committed 14080K, reserved 1060864K
  class space    used 1583K, capacity 1761K, committed 1792K, reserved 1048576K
Event: 28.489 GC heap after
Heap after GC invocations=6 (full 0):
 PSYoungGen      total 102912K, used 6654K [0x00000000e0980000, 0x00000000e7a80000, 0x0000000100000000)
  eden space 96256K, 0% used [0x00000000e0980000,0x00000000e0980000,0x00000000e6780000)
  from space 6656K, 99% used [0x00000000e7000000,0x00000000e767fb30,0x00000000e7680000)
  to   space 8704K, 0% used [0x00000000e6780000,0x00000000e6780000,0x00000000e7000000)
 ParOldGen       total 65536K, used 4144K [0x00000000a1c00000, 0x00000000a5c00000, 0x00000000e0980000)
  object space 65536K, 6% used [0x00000000a1c00000,0x00000000a200c0d0,0x00000000a5c00000)
 Metaspace       used 13456K, capacity 13978K, committed 14080K, reserved 1060864K
  class space    used 1583K, capacity 1761K, committed 1792K, reserved 1048576K
}
Event: 30.621 GC heap before
{Heap before GC invocations=7 (full 0):
 PSYoungGen      total 102912K, used 102910K [0x00000000e0980000, 0x00000000e7a80000, 0x0000000100000000)
  eden space 96256K, 100% used [0x00000000e0980000,0x00000000e6780000,0x00000000e6780000)
  from space 6656K, 99% used [0x00000000e7000000,0x00000000e767fb30,0x00000000e7680000)
  to   space 8704K, 0% used [0x00000000e6780000,0x00000000e6780000,0x00000000e7000000)
 ParOldGen       total 65536K, used 4144K [0x00000000a1c00000, 0x00000000a5c00000, 0x00000000e0980000)
  object space 65536K, 6% used [0x00000000a1c00000,0x00000000a200c0d0,0x00000000a5c00000)
 Metaspace       used 16819K, capacity 17478K, committed 17792K, reserved 1064960K
  class space    used 1893K, capacity 2101K, committed 2176K, reserved 1048576K
Event: 30.645 GC heap after
Heap after GC invocations=7 (full 0):
 PSYoungGen      total 104960K, used 8703K [0x00000000e0980000, 0x00000000e7a80000, 0x0000000100000000)
  eden space 96256K, 0% used [0x00000000e0980000,0x00000000e0980000,0x00000000e6780000)
  from space 8704K, 99% used [0x00000000e6780000,0x00000000e6fffd50,0x00000000e7000000)
  to   space 6656K, 0% used [0x00000000e7000000,0x00000000e7000000,0x00000000e7680000)
 ParOldGen       total 65536K, used 12363K [0x00000000a1c00000, 0x00000000a5c00000, 0x00000000e0980000)
  object space 65536K, 18% used [0x00000000a1c00000,0x00000000a2812e00,0x00000000a5c00000)
 Metaspace       used 16819K, capacity 17478K, committed 17792K, reserved 1064960K
  class space    used 1893K, capacity 2101K, committed 2176K, reserved 1048576K
}
Event: 32.405 GC heap before
{Heap before GC invocations=8 (full 0):
 PSYoungGen      total 104960K, used 104959K [0x00000000e0980000, 0x00000000e7a80000, 0x0000000100000000)
  eden space 96256K, 100% used [0x00000000e0980000,0x00000000e6780000,0x00000000e6780000)
  from space 8704K, 99% used [0x00000000e6780000,0x00000000e6fffd50,0x00000000e7000000)
  to   space 6656K, 0% used [0x00000000e7000000,0x00000000e7000000,0x00000000e7680000)
 ParOldGen       total 65536K, used 12363K [0x00000000a1c00000, 0x00000000a5c00000, 0x00000000e0980000)
  object space 65536K, 18% used [0x00000000a1c00000,0x00000000a2812e00,0x00000000a5c00000)
 Metaspace       used 17055K, capacity 17746K, committed 18048K, reserved 1064960K
  class space    used 1895K, capacity 2101K, committed 2176K, reserved 1048576K
Event: 32.429 GC heap after
Heap after GC invocations=8 (full 0):
 PSYoungGen      total 102912K, used 6629K [0x00000000e0980000, 0x00000000e7a80000, 0x0000000100000000)
  eden space 96256K, 0% used [0x00000000e0980000,0x00000000e0980000,0x00000000e6780000)
  from space 6656K, 99% used [0x00000000e7000000,0x00000000e7679590,0x00000000e7680000)
  to   space 8704K, 0% used [0x00000000e6780000,0x00000000e6780000,0x00000000e7000000)
 ParOldGen       total 65536K, used 25757K [0x00000000a1c00000, 0x00000000a5c00000, 0x00000000e0980000)
  object space 65536K, 39% used [0x00000000a1c00000,0x00000000a3527620,0x00000000a5c00000)
 Metaspace       used 17055K, capacity 17746K, committed 18048K, reserved 1064960K
  class space    used 1895K, capacity 2101K, committed 2176K, reserved 1048576K
}
Event: 34.230 GC heap before
{Heap before GC invocations=9 (full 0):
 PSYoungGen      total 102912K, used 102885K [0x00000000e0980000, 0x00000000e7a80000, 0x0000000100000000)
  eden space 96256K, 100% used [0x00000000e0980000,0x00000000e6780000,0x00000000e6780000)
  from space 6656K, 99% used [0x00000000e7000000,0x00000000e7679590,0x00000000e7680000)
  to   space 8704K, 0% used [0x00000000e6780000,0x00000000e6780000,0x00000000e7000000)
 ParOldGen       total 65536K, used 25757K [0x00000000a1c00000, 0x00000000a5c00000, 0x00000000e0980000)
  object space 65536K, 39% used [0x00000000a1c00000,0x00000000a3527620,0x00000000a5c00000)
 Metaspace       used 17811K, capacity 18496K, committed 18560K, reserved 1064960K
  class space    used 1957K, capacity 2160K, committed 2176K, reserved 1048576K
Event: 34.252 GC heap after
Heap after GC invocations=9 (full 0):
 PSYoungGen      total 104960K, used 8692K [0x00000000e0980000, 0x00000000e7a80000, 0x0000000100000000)
  eden space 96256K, 0% used [0x00000000e0980000,0x00000000e0980000,0x00000000e6780000)
  from space 8704K, 99% used [0x00000000e6780000,0x00000000e6ffd018,0x00000000e7000000)
  to   space 6656K, 0% used [0x00000000e7000000,0x00000000e7000000,0x00000000e7680000)
 ParOldGen       total 65536K, used 31813K [0x00000000a1c00000, 0x00000000a5c00000, 0x00000000e0980000)
  object space 65536K, 48% used [0x00000000a1c00000,0x00000000a3b11620,0x00000000a5c00000)
 Metaspace       used 17811K, capacity 18496K, committed 18560K, reserved 1064960K
  class space    used 1957K, capacity 2160K, committed 2176K, reserved 1048576K
}

