# JRE version: Java(TM) SE Runtime Environment (8.0_251-b08) (build 1.8.0_251-b08)
# Java VM: Java HotSpot(TM) 64-Bit Server VM (25.251-b08 mixed mode windows-amd64 compressed oops)
Heap:
 PSYoungGen      total 561664K, used 95510K [0x00000000d5580000, 0x0000000100000000, 0x0000000100000000)
  eden space 420352K, 12% used [0x00000000d5580000,0x00000000d8ad4840,0x00000000ef000000)
  from space 141312K, 28% used [0x00000000f7600000,0x00000000f9df1098,0x0000000100000000)
  to   space 137216K, 0% used [0x00000000ef000000,0x00000000ef000000,0x00000000f7600000)
 ParOldGen       total 737792K, used 475588K [0x0000000080000000, 0x00000000ad080000, 0x00000000d5580000)
  object space 737792K, 64% used [0x0000000080000000,0x000000009d071180,0x00000000ad080000)
 Metaspace       used 251537K, capacity 264405K, committed 280192K, reserved 1292288K
  class space    used 31576K, capacity 33855K, committed 36992K, reserved 1048576K
GC Heap History (10 events):
Event: 6062.460 GC heap before
{Heap before GC invocations=127 (full 10):
 PSYoungGen      total 559104K, used 501315K [0x00000000d5580000, 0x00000000fef80000, 0x0000000100000000)
  eden space 458752K, 100% used [0x00000000d5580000,0x00000000f1580000,0x00000000f1580000)
  from space 100352K, 42% used [0x00000000f8d80000,0x00000000fb710cd0,0x00000000fef80000)
  to   space 111616K, 0% used [0x00000000f1580000,0x00000000f1580000,0x00000000f8280000)
 ParOldGen       total 498688K, used 355361K [0x0000000080000000, 0x000000009e700000, 0x00000000d5580000)
  object space 498688K, 71% used [0x0000000080000000,0x0000000095b08608,0x000000009e700000)
 Metaspace       used 268397K, capacity 282725K, committed 283776K, reserved 1296384K
  class space    used 33765K, capacity 36389K, committed 36736K, reserved 1048576K
Event: 6062.645 GC heap after
Heap after GC invocations=127 (full 10):
 PSYoungGen      total 570368K, used 45145K [0x00000000d5580000, 0x0000000100000000, 0x0000000100000000)
  eden space 458752K, 0% used [0x00000000d5580000,0x00000000d5580000,0x00000000f1580000)
  from space 111616K, 40% used [0x00000000f1580000,0x00000000f4196750,0x00000000f8280000)
  to   space 105984K, 0% used [0x00000000f9880000,0x00000000f9880000,0x0000000100000000)
 ParOldGen       total 498688K, used 372361K [0x0000000080000000, 0x000000009e700000, 0x00000000d5580000)
  object space 498688K, 74% used [0x0000000080000000,0x0000000096ba2590,0x000000009e700000)
 Metaspace       used 268397K, capacity 282725K, committed 283776K, reserved 1296384K
  class space    used 33765K, capacity 36389K, committed 36736K, reserved 1048576K
}
Event: 6072.795 GC heap before
{Heap before GC invocations=128 (full 10):
 PSYoungGen      total 570368K, used 503897K [0x00000000d5580000, 0x0000000100000000, 0x0000000100000000)
  eden space 458752K, 100% used [0x00000000d5580000,0x00000000f1580000,0x00000000f1580000)
  from space 111616K, 40% used [0x00000000f1580000,0x00000000f4196750,0x00000000f8280000)
  to   space 105984K, 0% used [0x00000000f9880000,0x00000000f9880000,0x0000000100000000)
 ParOldGen       total 498688K, used 372361K [0x0000000080000000, 0x000000009e700000, 0x00000000d5580000)
  object space 498688K, 74% used [0x0000000080000000,0x0000000096ba2590,0x000000009e700000)
 Metaspace       used 268476K, capacity 282847K, committed 284032K, reserved 1296384K
  class space    used 33773K, capacity 36424K, committed 36736K, reserved 1048576K
Event: 6073.155 GC heap after
Heap after GC invocations=128 (full 10):
 PSYoungGen      total 532480K, used 105980K [0x00000000d5580000, 0x0000000100000000, 0x0000000100000000)
  eden space 426496K, 0% used [0x00000000d5580000,0x00000000d5580000,0x00000000ef600000)
  from space 105984K, 99% used [0x00000000f9880000,0x00000000fffff3e0,0x0000000100000000)
  to   space 136192K, 0% used [0x00000000ef600000,0x00000000ef600000,0x00000000f7b00000)
 ParOldGen       total 498688K, used 411726K [0x0000000080000000, 0x000000009e700000, 0x00000000d5580000)
  object space 498688K, 82% used [0x0000000080000000,0x0000000099213960,0x000000009e700000)
 Metaspace       used 268476K, capacity 282847K, committed 284032K, reserved 1296384K
  class space    used 33773K, capacity 36424K, committed 36736K, reserved 1048576K
}
Event: 6077.347 GC heap before
{Heap before GC invocations=129 (full 10):
 PSYoungGen      total 532480K, used 532476K [0x00000000d5580000, 0x0000000100000000, 0x0000000100000000)
  eden space 426496K, 100% used [0x00000000d5580000,0x00000000ef600000,0x00000000ef600000)
  from space 105984K, 99% used [0x00000000f9880000,0x00000000fffff3e0,0x0000000100000000)
  to   space 136192K, 0% used [0x00000000ef600000,0x00000000ef600000,0x00000000f7b00000)
 ParOldGen       total 498688K, used 411726K [0x0000000080000000, 0x000000009e700000, 0x00000000d5580000)
  object space 498688K, 82% used [0x0000000080000000,0x0000000099213960,0x000000009e700000)
 Metaspace       used 270899K, capacity 285571K, committed 286336K, reserved 1298432K
  class space    used 34123K, capacity 36792K, committed 36992K, reserved 1048576K
Event: 6077.759 GC heap after
Heap after GC invocations=129 (full 10):
 PSYoungGen      total 520192K, used 93471K [0x00000000d5580000, 0x0000000100000000, 0x0000000100000000)
  eden space 426496K, 0% used [0x00000000d5580000,0x00000000d5580000,0x00000000ef600000)
  from space 93696K, 99% used [0x00000000ef600000,0x00000000f5147de0,0x00000000f5180000)
  to   space 141312K, 0% used [0x00000000f7600000,0x00000000f7600000,0x0000000100000000)
 ParOldGen       total 498688K, used 489561K [0x0000000080000000, 0x000000009e700000, 0x00000000d5580000)
  object space 498688K, 98% used [0x0000000080000000,0x000000009de16758,0x000000009e700000)
 Metaspace       used 270899K, capacity 285571K, committed 286336K, reserved 1298432K
  class space    used 34123K, capacity 36792K, committed 36992K, reserved 1048576K
}
Event: 6077.759 GC heap before
{Heap before GC invocations=130 (full 11):
 PSYoungGen      total 520192K, used 93471K [0x00000000d5580000, 0x0000000100000000, 0x0000000100000000)
  eden space 426496K, 0% used [0x00000000d5580000,0x00000000d5580000,0x00000000ef600000)
  from space 93696K, 99% used [0x00000000ef600000,0x00000000f5147de0,0x00000000f5180000)
  to   space 141312K, 0% used [0x00000000f7600000,0x00000000f7600000,0x0000000100000000)
 ParOldGen       total 498688K, used 489561K [0x0000000080000000, 0x000000009e700000, 0x00000000d5580000)
  object space 498688K, 98% used [0x0000000080000000,0x000000009de16758,0x000000009e700000)
 Metaspace       used 270899K, capacity 285571K, committed 286336K, reserved 1298432K
  class space    used 34123K, capacity 36792K, committed 36992K, reserved 1048576K
Event: 6089.996 GC heap after
Heap after GC invocations=130 (full 11):
 PSYoungGen      total 520192K, used 0K [0x00000000d5580000, 0x0000000100000000, 0x0000000100000000)
  eden space 426496K, 0% used [0x00000000d5580000,0x00000000d5580000,0x00000000ef600000)
  from space 93696K, 0% used [0x00000000ef600000,0x00000000ef600000,0x00000000f5180000)
  to   space 141312K, 0% used [0x00000000f7600000,0x00000000f7600000,0x0000000100000000)
 ParOldGen       total 737792K, used 475580K [0x0000000080000000, 0x00000000ad080000, 0x00000000d5580000)
  object space 737792K, 64% used [0x0000000080000000,0x000000009d06f180,0x00000000ad080000)
 Metaspace       used 246467K, capacity 258355K, committed 280192K, reserved 1292288K
  class space    used 30867K, capacity 32992K, committed 36992K, reserved 1048576K
}
Event: 6181.110 GC heap before
{Heap before GC invocations=131 (full 11):
 PSYoungGen      total 520192K, used 426496K [0x00000000d5580000, 0x0000000100000000, 0x0000000100000000)
  eden space 426496K, 100% used [0x00000000d5580000,0x00000000ef600000,0x00000000ef600000)
  from space 93696K, 0% used [0x00000000ef600000,0x00000000ef600000,0x00000000f5180000)
  to   space 141312K, 0% used [0x00000000f7600000,0x00000000f7600000,0x0000000100000000)
 ParOldGen       total 737792K, used 475580K [0x0000000080000000, 0x00000000ad080000, 0x00000000d5580000)
  object space 737792K, 64% used [0x0000000080000000,0x000000009d06f180,0x00000000ad080000)
 Metaspace       used 251502K, capacity 264341K, committed 280192K, reserved 1292288K
  class space    used 31576K, capacity 33855K, committed 36992K, reserved 1048576K
Event: 6181.251 GC heap after
Heap after GC invocations=131 (full 11):
 PSYoungGen      total 561664K, used 40900K [0x00000000d5580000, 0x0000000100000000, 0x0000000100000000)
  eden space 420352K, 0% used [0x00000000d5580000,0x00000000d5580000,0x00000000ef000000)
  from space 141312K, 28% used [0x00000000f7600000,0x00000000f9df1098,0x0000000100000000)
  to   space 137216K, 0% used [0x00000000ef000000,0x00000000ef000000,0x00000000f7600000)
 ParOldGen       total 737792K, used 475588K [0x0000000080000000, 0x00000000ad080000, 0x00000000d5580000)
  object space 737792K, 64% used [0x0000000080000000,0x000000009d071180,0x00000000ad080000)
 Metaspace       used 251502K, capacity 264341K, committed 280192K, reserved 1292288K
  class space    used 31576K, capacity 33855K, committed 36992K, reserved 1048576K
}

