# JRE version: Java(TM) SE Runtime Environment (8.0_251-b08) (build 1.8.0_251-b08)
# Java VM: Java HotSpot(TM) 64-Bit Server VM (25.251-b08 mixed mode windows-amd64 compressed oops)
Heap:
 PSYoungGen      total 103424K, used 10453K [0x00000000e0980000, 0x00000000e7800000, 0x0000000100000000)
  eden space 93696K, 5% used [0x00000000e0980000,0x00000000e0ef0550,0x00000000e6500000)
  from space 9728K, 50% used [0x00000000e6500000,0x00000000e69c50c8,0x00000000e6e80000)
  to   space 9728K, 0% used [0x00000000e6e80000,0x00000000e6e80000,0x00000000e7800000)
 ParOldGen       total 65536K, used 35933K [0x00000000a1c00000, 0x00000000a5c00000, 0x00000000e0980000)
  object space 65536K, 54% used [0x00000000a1c00000,0x00000000a3f177b8,0x00000000a5c00000)
 Metaspace       used 19001K, capacity 19691K, committed 19712K, reserved 1067008K
  class space    used 2045K, capacity 2288K, committed 2304K, reserved 1048576K
GC Heap History (10 events):
Event: 19.851 GC heap after
Heap after GC invocations=10 (full 0):
 PSYoungGen      total 44032K, used 1081K [0x00000000e0980000, 0x00000000e3c00000, 0x0000000100000000)
  eden space 36352K, 0% used [0x00000000e0980000,0x00000000e0980000,0x00000000e2d00000)
  from space 7680K, 14% used [0x00000000e3480000,0x00000000e358e700,0x00000000e3c00000)
  to   space 7680K, 0% used [0x00000000e2d00000,0x00000000e2d00000,0x00000000e3480000)
 ParOldGen       total 65536K, used 9394K [0x00000000a1c00000, 0x00000000a5c00000, 0x00000000e0980000)
  object space 65536K, 14% used [0x00000000a1c00000,0x00000000a252c970,0x00000000a5c00000)
 Metaspace       used 14375K, capacity 14842K, committed 14976K, reserved 1062912K
  class space    used 1626K, capacity 1793K, committed 1920K, reserved 1048576K
}
Event: 21.472 GC heap before
{Heap before GC invocations=11 (full 0):
 PSYoungGen      total 44032K, used 37433K [0x00000000e0980000, 0x00000000e3c00000, 0x0000000100000000)
  eden space 36352K, 100% used [0x00000000e0980000,0x00000000e2d00000,0x00000000e2d00000)
  from space 7680K, 14% used [0x00000000e3480000,0x00000000e358e700,0x00000000e3c00000)
  to   space 7680K, 0% used [0x00000000e2d00000,0x00000000e2d00000,0x00000000e3480000)
 ParOldGen       total 65536K, used 9394K [0x00000000a1c00000, 0x00000000a5c00000, 0x00000000e0980000)
  object space 65536K, 14% used [0x00000000a1c00000,0x00000000a252c970,0x00000000a5c00000)
 Metaspace       used 16773K, capacity 17414K, committed 17792K, reserved 1064960K
  class space    used 1892K, capacity 2101K, committed 2176K, reserved 1048576K
Event: 21.493 GC heap after
Heap after GC invocations=11 (full 0):
 PSYoungGen      total 44032K, used 7652K [0x00000000e0980000, 0x00000000e5580000, 0x0000000100000000)
  eden space 36352K, 0% used [0x00000000e0980000,0x00000000e0980000,0x00000000e2d00000)
  from space 7680K, 99% used [0x00000000e2d00000,0x00000000e3479008,0x00000000e3480000)
  to   space 9728K, 0% used [0x00000000e4c00000,0x00000000e4c00000,0x00000000e5580000)
 ParOldGen       total 65536K, used 11502K [0x00000000a1c00000, 0x00000000a5c00000, 0x00000000e0980000)
  object space 65536K, 17% used [0x00000000a1c00000,0x00000000a273baa8,0x00000000a5c00000)
 Metaspace       used 16773K, capacity 17414K, committed 17792K, reserved 1064960K
  class space    used 1892K, capacity 2101K, committed 2176K, reserved 1048576K
}
Event: 22.289 GC heap before
{Heap before GC invocations=12 (full 0):
 PSYoungGen      total 44032K, used 44004K [0x00000000e0980000, 0x00000000e5580000, 0x0000000100000000)
  eden space 36352K, 100% used [0x00000000e0980000,0x00000000e2d00000,0x00000000e2d00000)
  from space 7680K, 99% used [0x00000000e2d00000,0x00000000e3479008,0x00000000e3480000)
  to   space 9728K, 0% used [0x00000000e4c00000,0x00000000e4c00000,0x00000000e5580000)
 ParOldGen       total 65536K, used 11502K [0x00000000a1c00000, 0x00000000a5c00000, 0x00000000e0980000)
  object space 65536K, 17% used [0x00000000a1c00000,0x00000000a273baa8,0x00000000a5c00000)
 Metaspace       used 16901K, capacity 17542K, committed 17792K, reserved 1064960K
  class space    used 1894K, capacity 2101K, committed 2176K, reserved 1048576K
Event: 22.310 GC heap after
Heap after GC invocations=12 (full 0):
 PSYoungGen      total 67072K, used 5216K [0x00000000e0980000, 0x00000000e5480000, 0x0000000100000000)
  eden space 58368K, 0% used [0x00000000e0980000,0x00000000e0980000,0x00000000e4280000)
  from space 8704K, 59% used [0x00000000e4c00000,0x00000000e5118020,0x00000000e5480000)
  to   space 9216K, 0% used [0x00000000e4280000,0x00000000e4280000,0x00000000e4b80000)
 ParOldGen       total 65536K, used 18989K [0x00000000a1c00000, 0x00000000a5c00000, 0x00000000e0980000)
  object space 65536K, 28% used [0x00000000a1c00000,0x00000000a2e8b758,0x00000000a5c00000)
 Metaspace       used 16901K, capacity 17542K, committed 17792K, reserved 1064960K
  class space    used 1894K, capacity 2101K, committed 2176K, reserved 1048576K
}
Event: 23.034 GC heap before
{Heap before GC invocations=13 (full 0):
 PSYoungGen      total 67072K, used 63584K [0x00000000e0980000, 0x00000000e5480000, 0x0000000100000000)
  eden space 58368K, 100% used [0x00000000e0980000,0x00000000e4280000,0x00000000e4280000)
  from space 8704K, 59% used [0x00000000e4c00000,0x00000000e5118020,0x00000000e5480000)
  to   space 9216K, 0% used [0x00000000e4280000,0x00000000e4280000,0x00000000e4b80000)
 ParOldGen       total 65536K, used 18989K [0x00000000a1c00000, 0x00000000a5c00000, 0x00000000e0980000)
  object space 65536K, 28% used [0x00000000a1c00000,0x00000000a2e8b758,0x00000000a5c00000)
 Metaspace       used 17010K, capacity 17606K, committed 17792K, reserved 1064960K
  class space    used 1894K, capacity 2101K, committed 2176K, reserved 1048576K
Event: 23.056 GC heap after
Heap after GC invocations=13 (full 0):
 PSYoungGen      total 67584K, used 6368K [0x00000000e0980000, 0x00000000e7800000, 0x0000000100000000)
  eden space 58368K, 0% used [0x00000000e0980000,0x00000000e0980000,0x00000000e4280000)
  from space 9216K, 69% used [0x00000000e4280000,0x00000000e48b8000,0x00000000e4b80000)
  to   space 9728K, 0% used [0x00000000e6e80000,0x00000000e6e80000,0x00000000e7800000)
 ParOldGen       total 65536K, used 24005K [0x00000000a1c00000, 0x00000000a5c00000, 0x00000000e0980000)
  object space 65536K, 36% used [0x00000000a1c00000,0x00000000a3371798,0x00000000a5c00000)
 Metaspace       used 17010K, capacity 17606K, committed 17792K, reserved 1064960K
  class space    used 1894K, capacity 2101K, committed 2176K, reserved 1048576K
}
Event: 24.204 GC heap before
{Heap before GC invocations=14 (full 0):
 PSYoungGen      total 67584K, used 64736K [0x00000000e0980000, 0x00000000e7800000, 0x0000000100000000)
  eden space 58368K, 100% used [0x00000000e0980000,0x00000000e4280000,0x00000000e4280000)
  from space 9216K, 69% used [0x00000000e4280000,0x00000000e48b8000,0x00000000e4b80000)
  to   space 9728K, 0% used [0x00000000e6e80000,0x00000000e6e80000,0x00000000e7800000)
 ParOldGen       total 65536K, used 24005K [0x00000000a1c00000, 0x00000000a5c00000, 0x00000000e0980000)
  object space 65536K, 36% used [0x00000000a1c00000,0x00000000a3371798,0x00000000a5c00000)
 Metaspace       used 17130K, capacity 17752K, committed 18048K, reserved 1064960K
  class space    used 1898K, capacity 2102K, committed 2176K, reserved 1048576K
Event: 24.217 GC heap after
Heap after GC invocations=14 (full 0):
 PSYoungGen      total 103424K, used 5696K [0x00000000e0980000, 0x00000000e7800000, 0x0000000100000000)
  eden space 93696K, 0% used [0x00000000e0980000,0x00000000e0980000,0x00000000e6500000)
  from space 9728K, 58% used [0x00000000e6e80000,0x00000000e7410000,0x00000000e7800000)
  to   space 9728K, 0% used [0x00000000e6500000,0x00000000e6500000,0x00000000e6e80000)
 ParOldGen       total 65536K, used 30253K [0x00000000a1c00000, 0x00000000a5c00000, 0x00000000e0980000)
  object space 65536K, 46% used [0x00000000a1c00000,0x00000000a398b798,0x00000000a5c00000)
 Metaspace       used 17130K, capacity 17752K, committed 18048K, reserved 1064960K
  class space    used 1898K, capacity 2102K, committed 2176K, reserved 1048576K
}
Event: 25.333 GC heap before
{Heap before GC invocations=15 (full 0):
 PSYoungGen      total 103424K, used 99392K [0x00000000e0980000, 0x00000000e7800000, 0x0000000100000000)
  eden space 93696K, 100% used [0x00000000e0980000,0x00000000e6500000,0x00000000e6500000)
  from space 9728K, 58% used [0x00000000e6e80000,0x00000000e7410000,0x00000000e7800000)
  to   space 9728K, 0% used [0x00000000e6500000,0x00000000e6500000,0x00000000e6e80000)
 ParOldGen       total 65536K, used 30253K [0x00000000a1c00000, 0x00000000a5c00000, 0x00000000e0980000)
  object space 65536K, 46% used [0x00000000a1c00000,0x00000000a398b798,0x00000000a5c00000)
 Metaspace       used 18856K, capacity 19563K, committed 19712K, reserved 1067008K
  class space    used 2044K, capacity 2288K, committed 2304K, reserved 1048576K

